3.280779311468999815e+00 5.896605194365420743e+00 2.615825882896420929e+00 3.952779402568835643e+00
1.587299999999999933e+01 1.857475333215434432e+01 2.701753332154344989e+00 4.578520174540955168e+00
1.087774284733099961e+01 4.842516660082807789e+00 6.035226187248191820e+00 3.973664110198029675e+00
3.841367965557000108e+00 4.663075970804221981e+00 8.217080052472218732e-01 4.051327083817006347e+00
5.734794248926999849e+00 1.168480276403074924e+01 5.950008515103749396e+00 4.021074972221294175e+00
7.251828564888000095e+00 4.842516660082807789e+00 2.409311904805192306e+00 3.973664110198029675e+00
3.414549302716999968e+00 4.663075970804221981e+00 1.248526668087222014e+00 4.051327083817006347e+00
4.558770882377999989e+00 5.374150375195270612e+00 8.153794928172706236e-01 3.951368367261024694e+00
3.404159301916999780e+00 4.553712214393840441e+00 1.149552912476840660e+00 4.000316327196572708e+00
5.860975128637000431e+00 1.118666466100154366e+01 5.325689532364543233e+00 4.013645267244310588e+00
1.167559724586799952e+01 1.175019019144343702e+01 7.459294557543749704e-02 4.022104729883086982e+00
3.332900093710000178e+00 5.718281083483020666e+00 2.385380989773020488e+00 3.952144043439890897e+00
5.869011343042999762e+00 1.056674320841122494e+01 4.697731865368225179e+00 4.005542287039556726e+00
3.508678201702000177e+00 5.879943696981939638e+00 2.371265495279939461e+00 3.952688317700502107e+00
1.335351019981199983e+01 6.391579623213644368e+00 6.961930576598355458e+00 3.956633265035933711e+00
4.191758189798999723e+00 4.617505952917738909e+00 4.257477631187391864e-01 3.976685092231331264e+00
2.233396246155000142e+01 1.723908392912126430e+01 5.094878532428737117e+00 4.276826236928408242e+00
6.166071676742999941e+00 8.832980384870126045e+00 2.666908708127126104e+00 3.983317583474841328e+00
3.055007364405000203e+00 5.265592598575821626e+00 2.210585234170821423e+00 3.951237303882728202e+00
2.019846186804599952e+01 1.135494331905948684e+01 8.843518548986512684e+00 4.019703492248321908e+00
4.837158691721000103e+00 5.633703440999994427e+00 7.965447492789943240e-01 3.954201960524393211e+00
6.166071676742999941e+00 8.832980384870126045e+00 2.666908708127126104e+00 3.983317583474841328e+00
3.055007364405000203e+00 5.265592598575821626e+00 2.210585234170821423e+00 3.951237303882728202e+00
2.500533162013600119e+01 1.522651250943442847e+01 9.778819110701572725e+00 4.116478929492873640e+00
1.018150717582799913e+01 7.305478747436183085e+00 2.876028428391816050e+00 3.965994803986684580e+00
3.216230844323999971e+00 4.847303772213052753e+00 1.631072927889052782e+00 3.957970192004842236e+00
1.080578495847800014e+01 1.323832984463285811e+01 2.432544886154857977e+00 4.052664274290313173e+00
3.630210499248999856e+00 6.275003014782242872e+00 2.644792515533243016e+00 3.958260378534125046e+00
1.014822123633599915e+01 6.219386248391018057e+00 3.928834987944981094e+00 3.954818004680543453e+00
9.117541764754999889e+00 5.374150375195270612e+00 3.743391389559729276e+00 3.951368367261024694e+00
3.625788600847000165e+00 4.649996126037713395e+00 1.024207525190713231e+00 4.029037633628351323e+00
3.873980624341999857e+00 5.832199157139385193e+00 1.958218532797385336e+00 3.971294120727969723e+00
3.646026590457000172e+00 4.211876813850114587e+00 5.658502233931144154e-01 4.449604370024268896e+00
3.242146240757000086e+00 4.513429250074317167e+00 1.271283009317317081e+00 4.045013809768075674e+00
8.411300985906999372e+00 4.592515443426052002e+00 3.818785542480947370e+00 4.067407461155814197e+00
4.152371419169000433e+00 4.248621158061183678e+00 9.624973889218324530e-02 4.447676417579207175e+00
4.508678722344999557e+00 4.579807148681979356e+00 7.112842633697979977e-02 3.979412732671038011e+00
6.764705882352999744e+00 4.542377829262179034e+00 2.222328053090820710e+00 3.989760104150990916e+00
