8.408212557824999323e+00 2.344510522580999901e+00 2.344510522580999901e+00 6.000000000000000000e+01 1.075367592280457529e+00 1.337249864772726282e-01
7.006843798188000072e+00 2.344510522580999901e+00 2.344510522580999901e+00 6.000000000000000000e+01 8.555067550240842422e-01 1.219906189863295548e-01
5.255132848640999832e+00 2.344510522580999901e+00 2.344510522580999901e+00 6.000000000000000000e+01 7.741168898949872812e-01 1.225061668419938632e-01
3.503421899094000036e+00 2.344510522580999901e+00 2.344510522580999901e+00 6.000000000000000000e+01 8.215418480648537525e-01 1.206619929081929471e-01
2.102053139455999808e+00 2.344510522580999901e+00 2.344510522580999901e+00 6.000000000000000000e+01 8.285347464218304481e-01 1.153763825675101357e-01
1.401368759638000006e+00 2.344510522580999901e+00 2.344510522580999901e+00 6.000000000000000000e+01 7.941035806657126273e-01 1.152240376910250580e-01
8.758554747729999646e-01 2.344510522580999901e+00 2.344510522580999901e+00 6.000000000000000000e+01 7.482915650523089823e-01 1.250220617741351348e-01
1.083399051341999986e+01 2.276778670826999917e+00 2.276778670826999917e+00 6.000000000000000000e+01 1.094062397595045866e+00 1.385450263979812746e-01
8.667192410735999886e+00 2.276778670826999917e+00 2.276778670826999917e+00 6.000000000000000000e+01 1.211893501639139004e+00 1.219731146014702144e-01
7.222660342280000201e+00 2.276778670826999917e+00 2.276778670826999917e+00 6.000000000000000000e+01 1.423207094331942812e+00 1.135448929487837544e-01
5.416995256709999929e+00 2.276778670826999917e+00 2.276778670826999917e+00 6.000000000000000000e+01 1.441388631289903799e+00 1.129573133246687955e-01
3.611330171140000100e+00 2.276778670826999917e+00 2.276778670826999917e+00 6.000000000000000000e+01 1.168692056924513167e+00 1.118958747616670690e-01
2.166798102683999971e+00 2.276778670826999917e+00 2.276778670826999917e+00 6.000000000000000000e+01 9.402475171612962868e-01 1.090803980367981429e-01
1.444532068455999907e+00 2.276778670826999917e+00 2.276778670826999917e+00 6.000000000000000000e+01 8.592415787688167939e-01 1.081137871774503212e-01
9.028325427850000251e-01 2.276778670826999917e+00 2.276778670826999917e+00 6.000000000000000000e+01 8.121198529345079464e-01 1.145254084114436383e-01
1.259793106713200039e+01 1.459300483520000080e+00 1.459300483520000080e+00 6.000000000000000000e+01 1.896995158046223651e+00 1.390655781849143013e-01
1.049827588927700006e+01 1.459300483520000080e+00 1.459300483520000080e+00 6.000000000000000000e+01 1.563939125481404346e+00 1.324197875039284933e-01
7.873706916957000423e+00 1.459300483520000080e+00 1.459300483520000080e+00 6.000000000000000000e+01 1.468050192172206891e+00 1.187243068748080749e-01
5.249137944637999986e+00 1.459300483520000080e+00 1.459300483520000080e+00 6.000000000000000000e+01 1.219298042681479899e+00 1.168254908687749866e-01
3.149482766783000098e+00 1.459300483520000080e+00 1.459300483520000080e+00 6.000000000000000000e+01 9.809783686055553176e-01 1.130808030206963133e-01
2.099655177854999888e+00 1.459300483520000080e+00 1.459300483520000080e+00 6.000000000000000000e+01 9.115454205778910080e-01 1.094948787579520799e-01
1.312284486160000041e+00 1.459300483520000080e+00 1.459300483520000080e+00 6.000000000000000000e+01 8.709994010908062023e-01 1.177301515839493384e-01
7.438476886372000330e+00 3.312698136838999829e+00 3.312698136838999829e+00 6.000000000000000000e+01 1.185707285479010498e+00 1.371243479059854331e-01
5.950781509098000299e+00 3.312698136838999829e+00 3.312698136838999829e+00 6.000000000000000000e+01 1.003651696039723262e+00 1.203472621233964007e-01
4.958984590914999657e+00 3.312698136838999829e+00 3.312698136838999829e+00 6.000000000000000000e+01 9.106065610200957394e-01 1.186582720346863878e-01
3.719238443186000165e+00 3.312698136838999829e+00 3.312698136838999829e+00 6.000000000000000000e+01 8.599537113682629297e-01 1.181258663406720560e-01
2.479492295456999784e+00 3.312698136838999829e+00 3.312698136838999829e+00 6.000000000000000000e+01 8.771797723811793901e-01 1.185366667139937102e-01
1.487695377274000030e+00 3.312698136838999829e+00 3.312698136838999829e+00 6.000000000000000000e+01 9.150576185691541298e-01 1.132166887759792767e-01
9.917969181829999759e-01 3.312698136838999829e+00 3.312698136838999829e+00 6.000000000000000000e+01 9.332587143634576421e-01 1.148776430942222704e-01
6.198730738640000348e-01 3.312698136838999829e+00 3.312698136838999829e+00 6.000000000000000000e+01 9.440573886287921823e-01 1.244651435364855369e-01
7.165109263855000243e+00 3.003492049745999815e+00 3.003492049745999815e+00 1.900000000000000000e+01 1.676780737153968914e+00 1.204695768712326642e-01
5.732087411083999662e+00 3.003492049745999815e+00 3.003492049745999815e+00 1.900000000000000000e+01 1.441458800395494677e+00 1.111952109146299161e-01
4.776739509237000192e+00 3.003492049745999815e+00 3.003492049745999815e+00 1.900000000000000000e+01 1.284531431125984113e+00 1.099882578610514305e-01
3.582554631928000166e+00 3.003492049745999815e+00 3.003492049745999815e+00 1.900000000000000000e+01 1.059439469262265732e+00 1.096515719733731076e-01
2.388369754618000051e+00 3.003492049745999815e+00 3.003492049745999815e+00 1.900000000000000000e+01 7.749256057654037022e-01 1.101568258060485056e-01
1.433021852770999915e+00 3.003492049745999815e+00 3.003492049745999815e+00 1.900000000000000000e+01 5.093037315654953545e-01 1.070964477599841425e-01
9.553479018470000250e-01 3.003492049745999815e+00 3.003492049745999815e+00 1.900000000000000000e+01 3.720122564372729812e-01 1.077378626240006881e-01
5.970924386549999463e-01 3.003492049745999815e+00 3.003492049745999815e+00 1.900000000000000000e+01 2.706977697860679655e-01 1.134929960746097616e-01
1.005705095468800003e+01 2.139826953896999839e+00 2.139826953896999839e+00 1.359999999999999964e+01 1.001433635388096377e+00 1.214922845133519919e-01
8.045640763751000790e+00 2.139826953896999839e+00 2.139826953896999839e+00 1.359999999999999964e+01 8.826034682568106859e-01 1.148911650942401608e-01
6.704700636459000052e+00 2.139826953896999839e+00 2.139826953896999839e+00 1.359999999999999964e+01 9.975799844333224087e-01 1.115731388673243257e-01
5.028525477344000016e+00 2.139826953896999839e+00 2.139826953896999839e+00 1.359999999999999964e+01 1.029876708315114797e+00 1.129836785894015733e-01
3.352350318228999981e+00 2.139826953896999839e+00 2.139826953896999839e+00 1.359999999999999964e+01 7.322298580673987090e-01 1.121367714178530123e-01
2.011410190938000220e+00 2.139826953896999839e+00 2.139826953896999839e+00 1.359999999999999964e+01 3.962146227714526958e-01 1.093733257639908502e-01
1.340940127292000073e+00 2.139826953896999839e+00 2.139826953896999839e+00 1.359999999999999964e+01 2.702913075749506788e-01 1.081216769280767542e-01
8.380875795569999731e-01 2.139826953896999839e+00 2.139826953896999839e+00 1.359999999999999964e+01 2.117181804961134617e-01 1.153865783117615923e-01
4.607683216365000334e+00 1.499487760173999984e+00 1.499487760173999984e+00 8.929999999999999716e+01 1.398065647283743829e+00 1.139846953448201416e-01
3.071788810909999778e+00 1.499487760173999984e+00 1.499487760173999984e+00 8.929999999999999716e+01 9.878820551826237306e-01 1.120025827237991212e-01
1.843073286546000000e+00 1.499487760173999984e+00 1.499487760173999984e+00 8.929999999999999716e+01 8.086085046725415282e-01 1.088478478213803641e-01
1.228715524364000000e+00 1.499487760173999984e+00 1.499487760173999984e+00 8.929999999999999716e+01 7.335008582966864310e-01 1.080502845121365241e-01
7.679472027270000112e-01 1.499487760173999984e+00 1.499487760173999984e+00 8.929999999999999716e+01 6.718536712973559588e-01 1.148258936078893622e-01
3.266023700593000179e+00 1.348658227762999928e+00 1.348658227762999928e+00 8.709999999999999432e+01 2.521639884180206792e-01 1.259252611090205809e-01
2.612818960474000196e+00 1.348658227762999928e+00 1.348658227762999928e+00 8.709999999999999432e+01 3.157780460275123602e-01 1.129590244362690260e-01
2.177349133728000208e+00 1.348658227762999928e+00 1.348658227762999928e+00 8.709999999999999432e+01 3.752419242755378193e-01 1.111009231854454132e-01
1.633011850296000045e+00 1.348658227762999928e+00 1.348658227762999928e+00 8.709999999999999432e+01 4.681869455146063785e-01 1.104157848324647806e-01
1.088674566864000104e+00 1.348658227762999928e+00 1.348658227762999928e+00 8.709999999999999432e+01 5.790352783966428163e-01 1.092260625613974273e-01
6.532047401189999825e-01 1.348658227762999928e+00 1.348658227762999928e+00 8.709999999999999432e+01 6.772450553305615628e-01 1.102052711099791166e-01
4.354698267459999883e-01 1.348658227762999928e+00 1.348658227762999928e+00 8.709999999999999432e+01 7.283724715000925443e-01 1.130564596663992810e-01
2.721686417160000260e-01 1.348658227762999928e+00 1.348658227762999928e+00 8.709999999999999432e+01 7.672074861569422310e-01 1.169375117259687652e-01
2.373981985012000084e+00 1.855426773952999930e+00 1.855426773952999930e+00 8.450000000000000000e+01 3.532324769831607369e-01 1.248132461023589573e-01
1.899185588009999925e+00 1.855426773952999930e+00 1.855426773952999930e+00 8.450000000000000000e+01 4.548372730961069976e-01 1.127651820411571248e-01
1.582654656674999938e+00 1.855426773952999930e+00 1.855426773952999930e+00 8.450000000000000000e+01 5.292704270970993718e-01 1.102387106748631551e-01
1.186990992506000042e+00 1.855426773952999930e+00 1.855426773952999930e+00 8.450000000000000000e+01 6.250835885043120044e-01 1.089306713051018255e-01
7.913273283370000355e-01 1.855426773952999930e+00 1.855426773952999930e+00 8.450000000000000000e+01 7.193390109428250412e-01 1.083490032384665097e-01
4.747963970019999924e-01 1.855426773952999930e+00 1.855426773952999930e+00 8.450000000000000000e+01 7.906002713205975141e-01 1.101571137518979338e-01
3.165309313349999876e-01 1.855426773952999930e+00 1.855426773952999930e+00 8.450000000000000000e+01 8.241516392098269250e-01 1.128521850657451253e-01
1.978318320839999866e-01 1.855426773952999930e+00 1.855426773952999930e+00 8.450000000000000000e+01 8.482219712354037711e-01 1.160330005225706229e-01
8.747763920529999737e+00 1.813854053755000084e+00 1.572587606386000036e+00 4.579999999999999716e+01 1.875763310084533231e+00 1.241857396868810554e-01
7.289803267107999751e+00 1.813854053755000084e+00 1.572587606386000036e+00 4.579999999999999716e+01 1.591304206034160451e+00 1.198226997844799996e-01
5.467352450331000036e+00 1.813854053755000084e+00 1.572587606386000036e+00 4.579999999999999716e+01 1.336791262771894750e+00 1.216299092962042083e-01
3.644901633553999876e+00 1.813854053755000084e+00 1.572587606386000036e+00 4.579999999999999716e+01 1.159073843160125961e+00 1.194474919413940628e-01
2.186940980132999979e+00 1.813854053755000084e+00 1.572587606386000036e+00 4.579999999999999716e+01 9.692374776401191383e-01 1.155003634218158964e-01
1.457960653421999986e+00 1.813854053755000084e+00 1.572587606386000036e+00 4.579999999999999716e+01 8.361954082844320624e-01 1.148295898774314011e-01
9.112254083890000134e-01 1.813854053755000084e+00 1.572587606386000036e+00 4.579999999999999716e+01 7.190650654015620091e-01 1.239693224945962735e-01
8.656641379690999116e+00 2.438502163637000120e+00 2.076895515437000128e+00 4.670000000000000284e+01 1.250874344887844991e+00 1.269130656890251341e-01
6.492481034767999759e+00 2.438502163637000120e+00 2.076895515437000128e+00 4.670000000000000284e+01 5.782649070656642465e-01 1.262909415183599837e-01
4.328320689845999603e+00 2.438502163637000120e+00 2.076895515437000128e+00 4.670000000000000284e+01 4.464878119748032503e-01 1.243244131161625465e-01
2.596992413906999975e+00 2.438502163637000120e+00 2.076895515437000128e+00 4.670000000000000284e+01 4.731639439435273431e-01 1.183079532634854075e-01
1.731328275937999983e+00 2.438502163637000120e+00 2.076895515437000128e+00 4.670000000000000284e+01 5.075718288328641137e-01 1.159901519758006067e-01
1.082080172461000078e+00 2.438502163637000120e+00 2.076895515437000128e+00 4.670000000000000284e+01 5.437303547167555706e-01 1.275379623978521448e-01
8.344906371558000302e+00 2.313433846085000134e+00 1.997291604705000001e+00 5.579999999999999716e+01 9.575185047101939517e-01 1.186529740549309292e-01
6.675925097247000117e+00 2.313433846085000134e+00 1.997291604705000001e+00 5.579999999999999716e+01 9.520803656903638057e-01 1.104074824734845445e-01
5.563270914371999609e+00 2.313433846085000134e+00 1.997291604705000001e+00 5.579999999999999716e+01 9.461336091087773070e-01 1.096167318152420217e-01
4.172453185779000151e+00 2.313433846085000134e+00 1.997291604705000001e+00 5.579999999999999716e+01 9.057361351059824983e-01 1.096766504298046369e-01
2.781635457185999805e+00 2.313433846085000134e+00 1.997291604705000001e+00 5.579999999999999716e+01 8.297824914616995784e-01 1.095354516343203521e-01
1.668981274312000052e+00 2.313433846085000134e+00 1.997291604705000001e+00 5.579999999999999716e+01 7.431574172881525442e-01 1.073716901511597571e-01
1.112654182873999975e+00 2.313433846085000134e+00 1.997291604705000001e+00 5.579999999999999716e+01 6.889628126839042466e-01 1.075913391778586248e-01
6.954088642969999956e-01 2.313433846085000134e+00 1.997291604705000001e+00 5.579999999999999716e+01 6.428246554073453467e-01 1.129030002429450147e-01
3.431483051063000111e+00 1.723729815155000011e+00 7.378033358874000669e+01 7.740000000000000568e+01 1.107995843806421021e+00 1.267240200892031932e-01
2.745186440851000054e+00 1.723729815155000011e+00 7.378033358874000669e+01 7.740000000000000568e+01 1.113220098226356924e+00 1.129393290886317597e-01
2.287655367375000193e+00 1.723729815155000011e+00 7.378033358874000669e+01 7.740000000000000568e+01 1.106423345578562589e+00 1.114955296126886319e-01
1.715741525532000100e+00 1.723729815155000011e+00 7.378033358874000669e+01 7.740000000000000568e+01 1.083190868377016614e+00 1.109044780855946155e-01
1.143827683687999919e+00 1.723729815155000011e+00 7.378033358874000669e+01 7.740000000000000568e+01 1.041406815546871201e+00 1.093901283606212027e-01
6.862966102130000356e-01 1.723729815155000011e+00 7.378033358874000669e+01 7.740000000000000568e+01 9.940878734440090625e-01 1.101543414886594213e-01
4.575310734749999941e-01 1.723729815155000011e+00 7.378033358874000669e+01 7.740000000000000568e+01 9.659302852999402944e-01 1.130113237202610560e-01
2.859569209219999797e-01 1.723729815155000011e+00 7.378033358874000669e+01 7.740000000000000568e+01 9.429481490745530436e-01 1.169758183863677387e-01
9.970724337051999342e+00 2.471377975101999969e+00 2.471377975101999969e+00 5.470000000000000284e+01 1.576717045196774691e+00 1.327715565668892705e-01
7.976579469640999953e+00 2.471377975101999969e+00 2.471377975101999969e+00 5.470000000000000284e+01 8.653104693414954696e-01 1.209083047516959497e-01
6.647149558034000094e+00 2.471377975101999969e+00 2.471377975101999969e+00 5.470000000000000284e+01 6.788758160971126721e-01 1.184506966398250344e-01
4.985362168525999671e+00 2.471377975101999969e+00 2.471377975101999969e+00 5.470000000000000284e+01 6.802449958729663848e-01 1.192810433583323670e-01
3.323574779017000047e+00 2.471377975101999969e+00 2.471377975101999969e+00 5.470000000000000284e+01 7.280560400513067520e-01 1.182852819059631994e-01
1.994144867409999966e+00 2.471377975101999969e+00 2.471377975101999969e+00 5.470000000000000284e+01 7.200388587363333315e-01 1.144550588783829759e-01
1.329429911607000081e+00 2.471377975101999969e+00 2.471377975101999969e+00 5.470000000000000284e+01 7.023156130592695945e-01 1.144270367297866020e-01
8.308936947539999895e-01 2.471377975101999969e+00 2.471377975101999969e+00 5.470000000000000284e+01 6.858664066726820607e-01 1.234568828427606291e-01
7.891691628964999872e+00 3.122452026882999832e+00 3.122452026882999832e+00 6.590000000000000568e+01 1.196348096093729829e+00 1.354453829256750952e-01
6.313353303171999720e+00 3.122452026882999832e+00 3.122452026882999832e+00 6.590000000000000568e+01 8.529809933250227516e-01 1.195095974024908692e-01
5.261127752642999589e+00 3.122452026882999832e+00 3.122452026882999832e+00 6.590000000000000568e+01 7.631818669468799499e-01 1.179007474490236240e-01
3.945845814482999980e+00 3.122452026882999832e+00 3.122452026882999832e+00 6.590000000000000568e+01 7.736209871465860033e-01 1.178911485959738825e-01
2.630563876321999839e+00 3.122452026882999832e+00 3.122452026882999832e+00 6.590000000000000568e+01 8.117907120336980142e-01 1.172115681742944560e-01
1.578338325792999930e+00 3.122452026882999832e+00 3.122452026882999832e+00 6.590000000000000568e+01 7.899984335547856062e-01 1.130174162810932831e-01
1.052225550528999909e+00 3.122452026882999832e+00 3.122452026882999832e+00 6.590000000000000568e+01 7.525630863574193086e-01 1.146931555659157081e-01
6.576409690800000263e-01 3.122452026882999832e+00 3.122452026882999832e+00 6.590000000000000568e+01 7.130859270380440762e-01 1.231572855599424865e-01
9.704550599338000794e+00 2.541755877142000131e+00 2.541755877142000131e+00 4.500000000000000000e+01 7.150456696926390521e-01 1.358274269858341654e-01
7.763640479471000333e+00 2.541755877142000131e+00 2.541755877142000131e+00 4.500000000000000000e+01 7.379628265501807505e-01 1.167068495241768561e-01
6.469700399558999671e+00 2.541755877142000131e+00 2.541755877142000131e+00 4.500000000000000000e+01 7.903901315766184155e-01 1.142046199662665462e-01
4.852275299669000397e+00 2.541755877142000131e+00 2.541755877142000131e+00 4.500000000000000000e+01 8.375155326695704616e-01 1.140165004321656433e-01
3.234850199778999791e+00 2.541755877142000131e+00 2.541755877142000131e+00 4.500000000000000000e+01 8.045486760092703804e-01 1.132510530092464135e-01
1.940910119868000105e+00 2.541755877142000131e+00 2.541755877142000131e+00 4.500000000000000000e+01 7.196018425217634018e-01 1.113431348798198245e-01
1.293940079911999996e+00 2.541755877142000131e+00 2.541755877142000131e+00 4.500000000000000000e+01 6.667118624475278921e-01 1.105583812921463321e-01
8.087125499449999699e-01 2.541755877142000131e+00 2.541755877142000131e+00 4.500000000000000000e+01 6.259180052252428794e-01 1.156497587569967483e-01
4.607683216365000334e+00 1.499487760173999984e+00 1.499487760173999984e+00 8.929999999999999716e+01 1.398065647283743829e+00 1.139846953448201416e-01
3.071788810909999778e+00 1.499487760173999984e+00 1.499487760173999984e+00 8.929999999999999716e+01 9.878820551826237306e-01 1.120025827237991212e-01
1.843073286546000000e+00 1.499487760173999984e+00 1.499487760173999984e+00 8.929999999999999716e+01 8.086085046725415282e-01 1.088478478213803641e-01
1.228715524364000000e+00 1.499487760173999984e+00 1.499487760173999984e+00 8.929999999999999716e+01 7.335008582966864310e-01 1.080502845121365241e-01
7.679472027270000112e-01 1.499487760173999984e+00 1.499487760173999984e+00 8.929999999999999716e+01 6.718536712973559588e-01 1.148258936078893622e-01
6.175230714952999911e+00 1.790161995137999895e+00 1.790161995137999895e+00 8.900000000000000000e+01 1.797194853285475347e+00 1.118426889146685310e-01
5.146025595793999763e+00 1.790161995137999895e+00 1.790161995137999895e+00 8.900000000000000000e+01 1.320816724966157096e+00 1.098846528458457678e-01
3.859519196846000089e+00 1.790161995137999895e+00 1.790161995137999895e+00 8.900000000000000000e+01 9.849904366741952799e-01 1.099405759903817614e-01
2.573012797896999881e+00 1.790161995137999895e+00 1.790161995137999895e+00 8.900000000000000000e+01 8.577911206451247494e-01 1.099833593901661799e-01
1.543807678737999955e+00 1.790161995137999895e+00 1.790161995137999895e+00 8.900000000000000000e+01 7.710104082643240986e-01 1.072598818682019561e-01
1.029205119158999926e+00 1.790161995137999895e+00 1.790161995137999895e+00 8.900000000000000000e+01 6.990780487249779185e-01 1.077070500136211306e-01
6.432531994739999481e-01 1.790161995137999895e+00 1.790161995137999895e+00 8.900000000000000000e+01 6.268529245156884144e-01 1.132938484926598599e-01
9.414397245613999488e+00 2.226188060315999806e+00 1.893686786755000018e+00 4.670000000000000284e+01 1.586171696898643901e+00 1.288202638243789167e-01
7.060797934211000104e+00 2.226188060315999806e+00 1.893686786755000018e+00 4.670000000000000284e+01 1.393739687734516508e+00 1.195475507390635350e-01
4.707198622806999744e+00 2.226188060315999806e+00 1.893686786755000018e+00 4.670000000000000284e+01 1.136140803432265756e+00 1.177416934070779353e-01
2.824319173684000095e+00 2.226188060315999806e+00 1.893686786755000018e+00 4.670000000000000284e+01 8.784004169445367438e-01 1.140377515114725931e-01
1.882879449123000093e+00 2.226188060315999806e+00 1.893686786755000018e+00 4.670000000000000284e+01 7.920137045292605649e-01 1.111717414658601466e-01
1.176799655701999958e+00 2.226188060315999806e+00 1.893686786755000018e+00 4.670000000000000284e+01 7.484371289552633755e-01 1.192654548444755935e-01
5.053704074155000114e+00 3.125266897539999977e+00 2.660711737396999954e+00 4.820000000000000284e+01 1.523770331105467335e+00 1.125611531319801600e-01
3.369136049436999958e+00 3.125266897539999977e+00 2.660711737396999954e+00 4.820000000000000284e+01 1.182781055493904887e+00 1.113165923999776402e-01
2.021481629661999957e+00 3.125266897539999977e+00 2.660711737396999954e+00 4.820000000000000284e+01 9.797571774912086084e-01 1.084387071712794165e-01
1.347654419775000001e+00 3.125266897539999977e+00 2.660711737396999954e+00 4.820000000000000284e+01 8.716961678716614870e-01 1.079862466714267139e-01
8.422840123589999672e-01 3.125266897539999977e+00 2.660711737396999954e+00 4.820000000000000284e+01 7.840359326974706278e-01 1.137554462584604575e-01
1.043401051836899995e+01 2.576339974044000058e+00 2.216328942605000130e+00 4.670000000000000284e+01 4.201459705650698595e-01 1.370621341490425027e-01
8.695008765307999710e+00 2.576339974044000058e+00 2.216328942605000130e+00 4.670000000000000284e+01 3.323073353164360810e-01 1.281533412384235071e-01
6.521256573980999782e+00 2.576339974044000058e+00 2.216328942605000130e+00 4.670000000000000284e+01 2.556286476167244359e-01 1.266593278057963901e-01
4.347504382653999855e+00 2.576339974044000058e+00 2.216328942605000130e+00 4.670000000000000284e+01 2.265577518697448056e-01 1.248585690702307821e-01
2.608502629591999966e+00 2.576339974044000058e+00 2.216328942605000130e+00 4.670000000000000284e+01 3.009259788256812840e-01 1.185748797580002400e-01
1.739001753062000111e+00 2.576339974044000058e+00 2.216328942605000130e+00 4.670000000000000284e+01 3.918401866819998247e-01 1.160585880377985324e-01
1.086876095662999919e+00 2.576339974044000058e+00 2.216328942605000130e+00 4.670000000000000284e+01 4.819775311805436502e-01 1.278887461014366067e-01
1.025560217525299933e+01 2.469975536119000115e+00 2.103701686512000180e+00 4.670000000000000284e+01 1.881654369785071168e+00 1.311704514975549629e-01
8.546335146043999131e+00 2.469975536119000115e+00 2.103701686512000180e+00 4.670000000000000284e+01 1.111755126938748006e+00 1.232448267314533025e-01
6.409751359532999793e+00 2.469975536119000115e+00 2.103701686512000180e+00 4.670000000000000284e+01 6.044006285399188272e-01 1.222139177833963669e-01
4.273167573021999566e+00 2.469975536119000115e+00 2.103701686512000180e+00 4.670000000000000284e+01 5.304704726162787765e-01 1.199853474525892916e-01
2.563900543812999810e+00 2.469975536119000115e+00 2.103701686512000180e+00 4.670000000000000284e+01 5.461771761010858484e-01 1.156219269924660953e-01
1.709267029208999977e+00 2.469975536119000115e+00 2.103701686512000180e+00 4.670000000000000284e+01 5.534406361882542313e-01 1.149026537422511152e-01
1.068291893255999936e+00 2.469975536119000115e+00 2.103701686512000180e+00 4.670000000000000284e+01 5.594715461107337973e-01 1.225793642183268528e-01
6.503271861973000334e+00 2.668612711829000173e+00 2.307606074660999873e+00 4.670000000000000284e+01 1.442790778275934827e+00 1.323400169053632336e-01
4.335514574649000252e+00 2.668612711829000173e+00 2.307606074660999873e+00 4.670000000000000284e+01 9.483207534774287240e-01 1.261346994507656916e-01
2.601308744789000205e+00 2.668612711829000173e+00 2.307606074660999873e+00 4.670000000000000284e+01 7.725268189862877222e-01 1.205684973521737452e-01
1.734205829858999959e+00 2.668612711829000173e+00 2.307606074660999873e+00 4.670000000000000284e+01 6.965090937775944013e-01 1.163529687869241797e-01
1.083878643662000041e+00 2.668612711829000173e+00 2.307606074660999873e+00 4.670000000000000284e+01 6.323518481782102185e-01 1.300134211184638677e-01
2.589798529104000213e+00 1.030203627823000012e+00 6.431631473893399686e+01 4.639999999999999858e+01 1.688895963605219208e-01 1.266440904601464079e-01
2.071838823283000064e+00 1.030203627823000012e+00 6.431631473893399686e+01 4.639999999999999858e+01 1.978045045110761180e-01 1.129286712935182457e-01
1.726532352735999920e+00 1.030203627823000012e+00 6.431631473893399686e+01 4.639999999999999858e+01 2.458568434007091241e-01 1.109662819959811308e-01
1.294899264552000107e+00 1.030203627823000012e+00 6.431631473893399686e+01 4.639999999999999858e+01 3.384948488473185080e-01 1.100439722462784320e-01
8.632661763679999600e-01 1.030203627823000012e+00 6.431631473893399686e+01 4.639999999999999858e+01 4.653728175419828972e-01 1.088626947188951755e-01
5.179597058210000382e-01 1.030203627823000012e+00 6.431631473893399686e+01 4.639999999999999858e+01 5.887551410985665257e-01 1.102241065775849821e-01
3.453064705469999773e-01 1.030203627823000012e+00 6.431631473893399686e+01 4.639999999999999858e+01 6.567188124200811217e-01 1.131397470727756593e-01
2.158165440919999900e-01 1.030203627823000012e+00 6.431631473893399686e+01 4.639999999999999858e+01 7.100702909625269399e-01 1.168232868055995161e-01
1.913573357615999893e+00 1.394260548934000088e+00 8.704463648878299864e+01 4.779999999999999716e+01 5.286940194680589400e-01 1.229412620693544345e-01
1.530858686093000021e+00 1.394260548934000088e+00 8.704463648878299864e+01 4.779999999999999716e+01 5.698317623679507449e-01 1.125423306793885692e-01
1.275715571744000076e+00 1.394260548934000088e+00 8.704463648878299864e+01 4.779999999999999716e+01 6.042090247292613014e-01 1.093792043417901871e-01
9.567866788079999463e-01 1.394260548934000088e+00 8.704463648878299864e+01 4.779999999999999716e+01 6.544258682020682727e-01 1.076151656506237342e-01
6.378577858720000382e-01 1.394260548934000088e+00 8.704463648878299864e+01 4.779999999999999716e+01 7.117849683388470794e-01 1.077246467456262763e-01
3.827146715229999829e-01 1.394260548934000088e+00 8.704463648878299864e+01 4.779999999999999716e+01 7.619779951288734310e-01 1.100630389383315533e-01
2.551431143489999998e-01 1.394260548934000088e+00 8.704463648878299864e+01 4.779999999999999716e+01 7.882529422760597981e-01 1.124868922159454748e-01
1.594644464680000095e-01 1.394260548934000088e+00 8.704463648878299864e+01 4.779999999999999716e+01 8.083905187297730777e-01 1.150385801007745706e-01
1.072608224137399979e+01 1.799854635451999973e+00 1.553895547590999904e+00 4.579999999999999716e+01 8.405821652093958818e-01 1.341699889322850447e-01
8.580865793099000882e+00 1.799854635451999973e+00 1.553895547590999904e+00 4.579999999999999716e+01 7.889648340602519738e-01 1.225420737928644005e-01
7.150721494248999832e+00 1.799854635451999973e+00 1.553895547590999904e+00 4.579999999999999716e+01 8.092181507719216071e-01 1.192462520021269762e-01
5.363041120686999896e+00 1.799854635451999973e+00 1.553895547590999904e+00 4.579999999999999716e+01 8.642281046074762330e-01 1.205104607604126771e-01
3.575360747124999961e+00 1.799854635451999973e+00 1.553895547590999904e+00 4.579999999999999716e+01 8.672834424425843736e-01 1.186469778560452770e-01
2.145216448274999799e+00 1.799854635451999973e+00 1.553895547590999904e+00 4.579999999999999716e+01 7.623086932710307906e-01 1.150814376099596886e-01
1.430144298849999940e+00 1.799854635451999973e+00 1.553895547590999904e+00 4.579999999999999716e+01 6.635260212116520506e-01 1.145566998961528582e-01
8.938401867809999679e-01 1.799854635451999973e+00 1.553895547590999904e+00 4.579999999999999716e+01 5.704856212739830568e-01 1.233558914447520638e-01
9.848428295399999755e+00 1.960250738829999895e+00 1.692372725682000034e+00 3.639999999999999858e+01 2.477997254827801754e-01 1.387985174821411705e-01
7.878742636320000159e+00 1.960250738829999895e+00 1.692372725682000034e+00 3.639999999999999858e+01 3.164527937733261354e-01 1.251559802070015270e-01
6.565618863600000132e+00 1.960250738829999895e+00 1.692372725682000034e+00 3.639999999999999858e+01 3.464133398356441518e-01 1.210252575942363934e-01
4.924214147699999877e+00 1.960250738829999895e+00 1.692372725682000034e+00 3.639999999999999858e+01 4.135134979412278255e-01 1.222236083913582766e-01
3.282809431800000066e+00 1.960250738829999895e+00 1.692372725682000034e+00 3.639999999999999858e+01 5.109060530785987098e-01 1.216901715693347180e-01
1.969685659080000040e+00 1.960250738829999895e+00 1.692372725682000034e+00 3.639999999999999858e+01 5.556967386886446647e-01 1.159736581885372625e-01
1.313123772720000026e+00 1.960250738829999895e+00 1.692372725682000034e+00 3.639999999999999858e+01 5.493147117520562617e-01 1.153607031749771944e-01
8.207023579500000166e-01 1.960250738829999895e+00 1.692372725682000034e+00 3.639999999999999858e+01 5.289067262957329874e-01 1.268436117979654665e-01
8.344906371558000302e+00 2.313433846085000134e+00 1.997291604705000001e+00 5.579999999999999716e+01 9.575185047101939517e-01 1.186529740549309292e-01
6.675925097247000117e+00 2.313433846085000134e+00 1.997291604705000001e+00 5.579999999999999716e+01 9.520803656903638057e-01 1.104074824734845445e-01
5.563270914371999609e+00 2.313433846085000134e+00 1.997291604705000001e+00 5.579999999999999716e+01 9.461336091087773070e-01 1.096167318152420217e-01
4.172453185779000151e+00 2.313433846085000134e+00 1.997291604705000001e+00 5.579999999999999716e+01 9.057361351059824983e-01 1.096766504298046369e-01
2.781635457185999805e+00 2.313433846085000134e+00 1.997291604705000001e+00 5.579999999999999716e+01 8.297824914616995784e-01 1.095354516343203521e-01
1.668981274312000052e+00 2.313433846085000134e+00 1.997291604705000001e+00 5.579999999999999716e+01 7.431574172881525442e-01 1.073716901511597571e-01
1.112654182873999975e+00 2.313433846085000134e+00 1.997291604705000001e+00 5.579999999999999716e+01 6.889628126839042466e-01 1.075913391778586248e-01
6.954088642969999956e-01 2.313433846085000134e+00 1.997291604705000001e+00 5.579999999999999716e+01 6.428246554073453467e-01 1.129030002429450147e-01
7.603936236842000262e+00 2.538867797027999806e+00 2.191918885013000029e+00 4.660000000000000142e+01 8.881705208421450948e-01 1.191219686738206884e-01
6.083148989474000068e+00 2.538867797027999806e+00 2.191918885013000029e+00 4.660000000000000142e+01 9.534084081308016323e-01 1.130207738500962761e-01
5.069290824561999642e+00 2.538867797027999806e+00 2.191918885013000029e+00 4.660000000000000142e+01 9.760854769876203818e-01 1.126489592775447302e-01
3.801968118421000131e+00 2.538867797027999806e+00 2.191918885013000029e+00 4.660000000000000142e+01 9.484802247492165606e-01 1.127980016481519993e-01
2.534645412280999821e+00 2.538867797027999806e+00 2.191918885013000029e+00 4.660000000000000142e+01 8.525459900212055686e-01 1.129129176951459701e-01
1.520787247367999973e+00 2.538867797027999806e+00 2.191918885013000029e+00 4.660000000000000142e+01 7.420359971292018741e-01 1.100940285620296971e-01
1.013858164911999982e+00 2.538867797027999806e+00 2.191918885013000029e+00 4.660000000000000142e+01 6.822539561262992436e-01 1.112565134380622545e-01
6.336613530700000441e-01 2.538867797027999806e+00 2.191918885013000029e+00 4.660000000000000142e+01 6.374720941613762903e-01 1.182096139214636188e-01
6.222710354652999598e+00 3.102408394749999854e+00 2.678448857176999987e+00 4.729999999999999716e+01 1.141796122711657091e+00 1.314752131837239602e-01
4.978168283722999909e+00 3.102408394749999854e+00 2.678448857176999987e+00 4.729999999999999716e+01 1.001572298192915156e+00 1.155229413249239112e-01
4.148473569769000058e+00 3.102408394749999854e+00 2.678448857176999987e+00 4.729999999999999716e+01 9.701942544404786872e-01 1.149848455038464945e-01
3.111355177326999844e+00 3.102408394749999854e+00 2.678448857176999987e+00 4.729999999999999716e+01 9.391145750530469627e-01 1.151166443041686388e-01
2.074236784883999984e+00 3.102408394749999854e+00 2.678448857176999987e+00 4.729999999999999716e+01 8.587677352464027081e-01 1.136382063233673939e-01
1.244542070931000000e+00 3.102408394749999854e+00 2.678448857176999987e+00 4.729999999999999716e+01 7.383151821950590943e-01 1.115561445671583024e-01
8.296947139539999627e-01 3.102408394749999854e+00 2.678448857176999987e+00 4.729999999999999716e+01 6.602147167871805777e-01 1.141121323567119428e-01
5.185591962209999961e-01 3.102408394749999854e+00 2.678448857176999987e+00 4.729999999999999716e+01 5.953946043856319648e-01 1.207919607424447900e-01
4.352300305855999696e+00 1.359039870791000082e+00 5.817061011872500131e+01 8.090000000000000568e+01 1.438067907637010201e+00 1.315041071159519515e-01
3.481840244684999863e+00 1.359039870791000082e+00 5.817061011872500131e+01 8.090000000000000568e+01 1.354719094149062997e+00 1.140039038102841629e-01
2.901533537236999916e+00 1.359039870791000082e+00 5.817061011872500131e+01 8.090000000000000568e+01 1.280344291699616832e+00 1.135384997678186153e-01
2.176150152927999848e+00 1.359039870791000082e+00 5.817061011872500131e+01 8.090000000000000568e+01 1.182216170698477953e+00 1.133850592274340124e-01
1.450766768619000002e+00 1.359039870791000082e+00 5.817061011872500131e+01 8.090000000000000568e+01 1.093741096351568132e+00 1.109840187842289633e-01
8.704600611710000546e-01 1.359039870791000082e+00 5.817061011872500131e+01 8.090000000000000568e+01 1.038190876433731091e+00 1.106119740684573943e-01
5.803067074469999698e-01 1.359039870791000082e+00 5.817061011872500131e+01 8.090000000000000568e+01 1.016727275440839406e+00 1.136734761669566524e-01
3.626916921550000228e-01 1.359039870791000082e+00 5.817061011872500131e+01 8.090000000000000568e+01 1.003511256956672426e+00 1.187192570706463862e-01
2.661737377135000138e+00 2.222213842781000093e+00 9.511680843737499913e+01 7.479999999999999716e+01 1.062237007469612138e+00 1.261895861507584538e-01
2.129389901708000021e+00 2.222213842781000093e+00 9.511680843737499913e+01 7.479999999999999716e+01 1.054039315295652202e+00 1.128998371863166456e-01
1.774491584756999973e+00 2.222213842781000093e+00 9.511680843737499913e+01 7.479999999999999716e+01 1.044193916939789801e+00 1.108564542752493581e-01
1.330868688567999891e+00 2.222213842781000093e+00 9.511680843737499913e+01 7.479999999999999716e+01 1.026324599776760493e+00 1.099087447561649528e-01
8.872457923780000533e-01 2.222213842781000093e+00 9.511680843737499913e+01 7.479999999999999716e+01 1.001573412320084344e+00 1.088208179161644362e-01
5.323474754270000053e-01 2.222213842781000093e+00 9.511680843737499913e+01 7.479999999999999716e+01 9.763742609556320673e-01 1.102101902037349590e-01
3.548983169509999924e-01 2.222213842781000093e+00 9.511680843737499913e+01 7.479999999999999716e+01 9.618906552668633481e-01 1.130929684586107070e-01
2.218114480950000023e-01 2.222213842781000093e+00 9.511680843737499913e+01 7.479999999999999716e+01 9.501889020005727104e-01 1.167325362145518464e-01
3.510615783896999798e+00 1.735063023042999975e+00 3.411170236730499994e+01 8.320000000000000284e+01 1.229467400254442566e+00 1.261763339722882793e-01
2.808492627117999962e+00 1.735063023042999975e+00 3.411170236730499994e+01 8.320000000000000284e+01 1.219274844847205941e+00 1.128423804406698538e-01
2.340410522597999865e+00 1.735063023042999975e+00 3.411170236730499994e+01 8.320000000000000284e+01 1.202093061465291157e+00 1.112816563055464697e-01
1.755307891948000076e+00 1.735063023042999975e+00 3.411170236730499994e+01 8.320000000000000284e+01 1.161896242198174889e+00 1.106739422087627545e-01
1.170205261298999933e+00 1.735063023042999975e+00 3.411170236730499994e+01 8.320000000000000284e+01 1.095737558895024222e+00 1.093275114263987102e-01
7.021231567789999461e-01 1.735063023042999975e+00 3.411170236730499994e+01 8.320000000000000284e+01 1.022447041376793209e+00 1.101048145904034853e-01
4.680821045199999864e-01 1.735063023042999975e+00 3.411170236730499994e+01 8.320000000000000284e+01 9.791194441048247654e-01 1.128612206810874624e-01
2.925513153250000054e-01 1.735063023042999975e+00 3.411170236730499994e+01 8.320000000000000284e+01 9.438601456543196377e-01 1.167076658140318440e-01
1.124404194719500083e+01 2.462370602120000029e+00 1.131137891945900087e+01 1.159999999999999964e+01 3.626958993280848809e-01 1.391970132067379129e-01
8.995233557756000309e+00 2.462370602120000029e+00 1.131137891945900087e+01 1.159999999999999964e+01 3.418025610036070638e-01 1.277464254908466934e-01
7.496027964796000198e+00 2.462370602120000029e+00 1.131137891945900087e+01 1.159999999999999964e+01 3.469471616281842863e-01 1.223429980809448564e-01
5.622020973597000371e+00 2.462370602120000029e+00 1.131137891945900087e+01 1.159999999999999964e+01 3.382635451349207401e-01 1.247631639271273990e-01
3.748013982398000099e+00 2.462370602120000029e+00 1.131137891945900087e+01 1.159999999999999964e+01 2.646473725135738420e-01 1.231838786698099403e-01
2.248808389439000077e+00 2.462370602120000029e+00 1.131137891945900087e+01 1.159999999999999964e+01 1.798313880468853654e-01 1.176619127934252912e-01
1.499205592959000022e+00 2.462370602120000029e+00 1.131137891945900087e+01 1.159999999999999964e+01 1.439314287682735838e-01 1.156790935891218453e-01
9.370034955999999582e-01 2.462370602120000029e+00 1.131137891945900087e+01 1.159999999999999964e+01 1.235511747548354577e-01 1.279862119318949942e-01
7.873706916957000423e+00 1.459300483520000080e+00 1.459300483520000080e+00 6.000000000000000000e+01 1.468050192172206891e+00 1.187243068748080749e-01
5.249137944637999986e+00 1.459300483520000080e+00 1.459300483520000080e+00 6.000000000000000000e+01 1.219298042681479899e+00 1.168254908687749866e-01
3.149482766783000098e+00 1.459300483520000080e+00 1.459300483520000080e+00 6.000000000000000000e+01 9.809783686055553176e-01 1.130808030206963133e-01
2.099655177854999888e+00 1.459300483520000080e+00 1.459300483520000080e+00 6.000000000000000000e+01 9.115454205778910080e-01 1.094948787579520799e-01
1.312284486160000041e+00 1.459300483520000080e+00 1.459300483520000080e+00 6.000000000000000000e+01 8.709994010908062023e-01 1.177301515839493384e-01
5.416995256709999929e+00 2.276778670826999917e+00 2.276778670826999917e+00 6.000000000000000000e+01 1.441388631289903799e+00 1.129573133246687955e-01
3.611330171140000100e+00 2.276778670826999917e+00 2.276778670826999917e+00 6.000000000000000000e+01 1.168692056924513167e+00 1.118958747616670690e-01
2.166798102683999971e+00 2.276778670826999917e+00 2.276778670826999917e+00 6.000000000000000000e+01 9.402475171612962868e-01 1.090803980367981429e-01
1.444532068455999907e+00 2.276778670826999917e+00 2.276778670826999917e+00 6.000000000000000000e+01 8.592415787688167939e-01 1.081137871774503212e-01
9.028325427850000251e-01 2.276778670826999917e+00 2.276778670826999917e+00 6.000000000000000000e+01 8.121198529345079464e-01 1.145254084114436383e-01
7.485237137591999712e+00 1.535035443741000094e+00 1.535035443741000094e+00 5.470000000000000284e+01 1.610935698441082309e+00 1.215675625997212489e-01
4.990158091728000400e+00 1.535035443741000094e+00 1.535035443741000094e+00 5.470000000000000284e+01 1.050214811202430099e+00 1.183434871516283321e-01
2.994094855036999903e+00 1.535035443741000094e+00 1.535035443741000094e+00 5.470000000000000284e+01 8.969447808963408875e-01 1.131476906355187717e-01
1.996063236691000053e+00 1.535035443741000094e+00 1.535035443741000094e+00 5.470000000000000284e+01 9.049502569804666052e-01 1.093778801225634700e-01
1.247539522932000100e+00 1.535035443741000094e+00 1.535035443741000094e+00 5.470000000000000284e+01 9.076454305907191156e-01 1.176830768681717265e-01
4.285157381027000056e+00 1.787581845789000035e+00 1.787581845789000035e+00 7.050000000000000000e+01 1.384676697818735036e+00 1.230732050016957596e-01
2.571094428616000016e+00 1.787581845789000035e+00 1.787581845789000035e+00 7.050000000000000000e+01 1.090305035904428621e+00 1.166688343949986995e-01
1.714062952411000040e+00 1.787581845789000035e+00 1.787581845789000035e+00 7.050000000000000000e+01 9.796735884250189486e-01 1.156348327288314742e-01
1.071289345257000036e+00 1.787581845789000035e+00 1.787581845789000035e+00 7.050000000000000000e+01 8.834580239769955767e-01 1.252264456203866227e-01
7.485237137591999712e+00 1.535035443741000094e+00 1.535035443741000094e+00 5.470000000000000284e+01 1.610935698441082309e+00 1.215675625997212489e-01
4.990158091728000400e+00 1.535035443741000094e+00 1.535035443741000094e+00 5.470000000000000284e+01 1.050214811202430099e+00 1.183434871516283321e-01
2.994094855036999903e+00 1.535035443741000094e+00 1.535035443741000094e+00 5.470000000000000284e+01 8.969447808963408875e-01 1.131476906355187717e-01
1.996063236691000053e+00 1.535035443741000094e+00 1.535035443741000094e+00 5.470000000000000284e+01 9.049502569804666052e-01 1.093778801225634700e-01
1.247539522932000100e+00 1.535035443741000094e+00 1.535035443741000094e+00 5.470000000000000284e+01 9.076454305907191156e-01 1.176830768681717265e-01
7.085976531022000202e+00 2.228934005605999857e+00 1.897614208650999945e+00 4.670000000000000284e+01 1.489845941122835526e+00 1.198244990502782131e-01
4.723984354014000075e+00 2.228934005605999857e+00 1.897614208650999945e+00 4.670000000000000284e+01 1.224712398240946243e+00 1.168415802140870680e-01
2.834390612408999921e+00 2.228934005605999857e+00 1.897614208650999945e+00 4.670000000000000284e+01 9.455116656278121923e-01 1.137400884823323438e-01
1.889593741606000021e+00 2.228934005605999857e+00 1.897614208650999945e+00 4.670000000000000284e+01 8.498626777616600236e-01 1.109030770542413086e-01
1.180996088504000063e+00 2.228934005605999857e+00 1.897614208650999945e+00 4.670000000000000284e+01 8.006689496538612616e-01 1.185446415373361539e-01
6.751460887679000322e+00 2.339371332468000109e+00 1.991635583934000087e+00 3.760000000000000142e+01 1.482014706068220278e+00 1.308621234851325144e-01
4.500973925119000185e+00 2.339371332468000109e+00 1.991635583934000087e+00 3.760000000000000142e+01 1.121300683969543854e+00 1.257298662649794507e-01
2.700584355071999898e+00 2.339371332468000109e+00 1.991635583934000087e+00 3.760000000000000142e+01 1.001790430693173306e+00 1.191677737445328983e-01
1.800389570047999932e+00 2.339371332468000109e+00 1.991635583934000087e+00 3.760000000000000142e+01 9.386852332602728666e-01 1.162287152473218121e-01
1.125243481280000069e+00 2.339371332468000109e+00 1.991635583934000087e+00 3.760000000000000142e+01 8.732929274413621101e-01 1.282592195938198620e-01
7.155517417450999673e+00 2.943029484614000157e+00 2.505562996677999976e+00 5.700000000000000000e+01 1.655675955150590184e+00 1.249821999923954874e-01
5.366638063087999733e+00 2.943029484614000157e+00 2.505562996677999976e+00 5.700000000000000000e+01 9.410340111973356514e-01 1.246352570553208583e-01
3.577758708725999881e+00 2.943029484614000157e+00 2.505562996677999976e+00 5.700000000000000000e+01 7.579905471507499826e-01 1.232944990551392145e-01
2.146655225234999964e+00 2.943029484614000157e+00 2.505562996677999976e+00 5.700000000000000000e+01 7.997471131307865022e-01 1.172631740796532540e-01
1.431103483490000050e+00 2.943029484614000157e+00 2.505562996677999976e+00 5.700000000000000000e+01 8.101521579716868260e-01 1.155987458677998903e-01
8.944396771810000368e-01 2.943029484614000157e+00 2.505562996677999976e+00 5.700000000000000000e+01 7.988255169592353155e-01 1.278126920593010696e-01
6.738272098872999827e+00 3.125266897539999977e+00 2.660711737396999954e+00 4.820000000000000284e+01 2.107185457351164359e+00 1.137788733239054467e-01
5.053704074155000114e+00 3.125266897539999977e+00 2.660711737396999954e+00 4.820000000000000284e+01 1.523770331105467335e+00 1.125611531319801600e-01
3.369136049436999958e+00 3.125266897539999977e+00 2.660711737396999954e+00 4.820000000000000284e+01 1.182781055493904887e+00 1.113165923999776402e-01
2.021481629661999957e+00 3.125266897539999977e+00 2.660711737396999954e+00 4.820000000000000284e+01 9.797571774912086084e-01 1.084387071712794165e-01
1.347654419775000001e+00 3.125266897539999977e+00 2.660711737396999954e+00 4.820000000000000284e+01 8.716961678716614870e-01 1.079862466714267139e-01
8.422840123589999672e-01 3.125266897539999977e+00 2.660711737396999954e+00 4.820000000000000284e+01 7.840359326974706278e-01 1.137554462584604575e-01
6.175230714952999911e+00 1.790161995137999895e+00 1.790161995137999895e+00 8.900000000000000000e+01 1.797194853285475347e+00 1.118426889146685310e-01
5.146025595793999763e+00 1.790161995137999895e+00 1.790161995137999895e+00 8.900000000000000000e+01 1.320816724966157096e+00 1.098846528458457678e-01
3.859519196846000089e+00 1.790161995137999895e+00 1.790161995137999895e+00 8.900000000000000000e+01 9.849904366741952799e-01 1.099405759903817614e-01
2.573012797896999881e+00 1.790161995137999895e+00 1.790161995137999895e+00 8.900000000000000000e+01 8.577911206451247494e-01 1.099833593901661799e-01
1.543807678737999955e+00 1.790161995137999895e+00 1.790161995137999895e+00 8.900000000000000000e+01 7.710104082643240986e-01 1.072598818682019561e-01
1.029205119158999926e+00 1.790161995137999895e+00 1.790161995137999895e+00 8.900000000000000000e+01 6.990780487249779185e-01 1.077070500136211306e-01
6.432531994739999481e-01 1.790161995137999895e+00 1.790161995137999895e+00 8.900000000000000000e+01 6.268529245156884144e-01 1.132938484926598599e-01
7.040415260601999847e+00 2.035408226684999988e+00 2.035408226684999988e+00 1.359999999999999964e+01 2.017898016249962012e+00 1.318588407210207480e-01
3.520207630300999924e+00 2.035408226684999988e+00 2.035408226684999988e+00 1.359999999999999964e+01 8.663602631053031189e-01 1.275889394328348914e-01
2.112124578181000079e+00 2.035408226684999988e+00 2.035408226684999988e+00 1.359999999999999964e+01 5.738417313999910618e-01 1.163031470892727931e-01
1.408083052120000067e+00 2.035408226684999988e+00 2.035408226684999988e+00 1.359999999999999964e+01 4.482809055938155041e-01 1.152815097522569554e-01
8.800519075749999587e-01 2.035408226684999988e+00 2.035408226684999988e+00 1.359999999999999964e+01 3.567721362285602993e-01 1.260434877635888962e-01
1.005705095468800003e+01 2.139826953896999839e+00 2.139826953896999839e+00 1.359999999999999964e+01 1.001433635388096377e+00 1.214922845133519919e-01
8.045640763751000790e+00 2.139826953896999839e+00 2.139826953896999839e+00 1.359999999999999964e+01 8.826034682568106859e-01 1.148911650942401608e-01
6.704700636459000052e+00 2.139826953896999839e+00 2.139826953896999839e+00 1.359999999999999964e+01 9.975799844333224087e-01 1.115731388673243257e-01
3.352350318228999981e+00 2.139826953896999839e+00 2.139826953896999839e+00 1.359999999999999964e+01 7.322298580673987090e-01 1.121367714178530123e-01
2.011410190938000220e+00 2.139826953896999839e+00 2.139826953896999839e+00 1.359999999999999964e+01 3.962146227714526958e-01 1.093733257639908502e-01
1.340940127292000073e+00 2.139826953896999839e+00 2.139826953896999839e+00 1.359999999999999964e+01 2.702913075749791005e-01 1.081216769280767542e-01
8.380875795569999731e-01 2.139826953896999839e+00 2.139826953896999839e+00 1.359999999999999964e+01 2.117181804961134617e-01 1.153865783117615923e-01
5.016535669339000414e+00 2.856576746437999859e+00 2.856576746437999859e+00 1.900000000000000000e+01 1.921061657795471334e+00 1.190164859197955921e-01
3.762401752004000066e+00 2.856576746437999859e+00 2.856576746437999859e+00 1.900000000000000000e+01 1.470935036542865504e+00 1.206023598562531579e-01
2.508267834669999807e+00 2.856576746437999859e+00 2.856576746437999859e+00 1.900000000000000000e+01 1.019243862487488883e+00 1.186899822905248814e-01
1.504960700802000062e+00 2.856576746437999859e+00 2.856576746437999859e+00 1.900000000000000000e+01 6.816550369170464307e-01 1.134725174215326232e-01
1.003307133867999967e+00 2.856576746437999859e+00 2.856576746437999859e+00 1.900000000000000000e+01 5.246979766564869863e-01 1.149677643875129246e-01
6.270669586670000184e-01 2.856576746437999859e+00 2.856576746437999859e+00 1.900000000000000000e+01 4.131431044157469756e-01 1.245253009285880591e-01
7.165109263855000243e+00 3.003492049745999815e+00 3.003492049745999815e+00 1.900000000000000000e+01 1.676780737153968914e+00 1.204695768712326642e-01
5.732087411083999662e+00 3.003492049745999815e+00 3.003492049745999815e+00 1.900000000000000000e+01 1.441458800395494677e+00 1.111952109146299161e-01
4.776739509237000192e+00 3.003492049745999815e+00 3.003492049745999815e+00 1.900000000000000000e+01 1.284531431125984113e+00 1.099882578610514305e-01
3.582554631928000166e+00 3.003492049745999815e+00 3.003492049745999815e+00 1.900000000000000000e+01 1.059439469262265732e+00 1.096515719733731076e-01
2.388369754618000051e+00 3.003492049745999815e+00 3.003492049745999815e+00 1.900000000000000000e+01 7.749256057654037022e-01 1.101568258060485056e-01
1.433021852770999915e+00 3.003492049745999815e+00 3.003492049745999815e+00 1.900000000000000000e+01 5.093037315654953545e-01 1.070964477599841425e-01
9.553479018470000250e-01 3.003492049745999815e+00 3.003492049745999815e+00 1.900000000000000000e+01 3.720122564372729812e-01 1.077378626240006881e-01
5.970924386549999463e-01 3.003492049745999815e+00 3.003492049745999815e+00 1.900000000000000000e+01 2.706977697860679655e-01 1.134929960746097616e-01
7.428885039967999759e+00 2.936375859174999992e+00 7.084868985550000220e-01 2.000000000000000000e+01 1.718135924164338135e+00 1.380365299578152072e-01
5.571663779976000264e+00 2.936375859174999992e+00 7.084868985550000220e-01 2.000000000000000000e+01 1.104484158625343326e+00 1.279147231641437621e-01
3.714442519983999880e+00 2.936375859174999992e+00 7.084868985550000220e-01 2.000000000000000000e+01 7.119702284965576666e-01 1.232464889579213546e-01
2.476295013322999949e+00 2.936375859174999992e+00 7.084868985550000220e-01 2.000000000000000000e+01 5.768757508290001113e-01 1.189510763785726760e-01
1.485777007994000032e+00 2.936375859174999992e+00 7.084868985550000220e-01 2.000000000000000000e+01 5.017249667542102998e-01 1.331631599054715898e-01
3.009099243340000118e+00 3.509591530054999797e+00 3.378443989071000075e+00 4.679999999999999716e+01 1.444046564447845071e+00 1.120594477771070935e-01
2.632961837923000203e+00 3.509591530054999797e+00 3.378443989071000075e+00 4.679999999999999716e+01 1.145280001047780161e+00 1.133998503539035974e-01
2.106369470338000038e+00 3.509591530054999797e+00 3.378443989071000075e+00 4.679999999999999716e+01 7.133377187789591289e-01 1.275955060443414169e-01
6.906129410944999769e+00 1.566148333332999965e+00 6.236981666666999935e+00 4.660000000000000142e+01 1.689227478212824707e+00 1.332224268522604615e-01
5.755107842453999645e+00 1.566148333332999965e+00 6.236981666666999935e+00 4.660000000000000142e+01 1.280499974091387827e+00 1.208813410681228023e-01
4.316330881841000000e+00 1.566148333332999965e+00 6.236981666666999935e+00 4.660000000000000142e+01 8.744913799126230458e-01 1.224982934950692576e-01
2.877553921226999822e+00 1.566148333332999965e+00 6.236981666666999935e+00 4.660000000000000142e+01 6.864385535800181515e-01 1.348958232786164058e-01
3.364807460604000156e+00 3.509591530054999797e+00 3.378443989071000075e+00 4.679999999999999716e+01 1.711346716167852833e+00 1.135678807121967837e-01
6.019842803207000159e+00 2.856576746437999859e+00 2.856576746437999859e+00 1.900000000000000000e+01 2.238136425958886733e+00 1.337564060662379539e-01
8.586620900940999945e+00 2.943029484614000157e+00 2.505562996677999976e+00 5.700000000000000000e+01 2.482980326821330408e+00 1.367075063900866083e-01
1.093470490066300016e+01 1.813854053755000084e+00 1.572587606386000036e+00 4.579999999999999716e+01 2.261305383803566826e+00 1.353033052341190423e-01
6.143577621819999557e+00 1.499487760173999984e+00 1.499487760173999984e+00 8.929999999999999716e+01 2.031215071661769400e+00 1.205624242326957113e-01
1.038796965563000008e+01 2.438502163637000120e+00 2.076895515437000128e+00 4.670000000000000284e+01 2.210568108093120543e+00 1.362746775347761230e-01
6.143577621819999557e+00 1.499487760173999984e+00 1.499487760173999984e+00 8.929999999999999716e+01 2.031215071661769400e+00 1.205624242326957113e-01
7.719038393692000177e+00 1.790161995137999895e+00 1.790161995137999895e+00 8.900000000000000000e+01 2.702519879146281667e+00 1.329101329167007572e-01
1.129727669473700047e+01 2.226188060315999806e+00 1.893686786755000018e+00 4.670000000000000284e+01 2.000960037239314815e+00 1.380750105021206764e-01
6.738272098872999827e+00 3.125266897539999977e+00 2.660711737396999954e+00 4.820000000000000284e+01 2.107185457351164359e+00 1.137788733239054467e-01
8.671029149297000416e+00 2.668612711829000173e+00 2.307606074660999873e+00 4.670000000000000284e+01 2.262398232697870881e+00 1.393075673406796167e-01
7.222660342280000201e+00 2.276778670826999917e+00 2.276778670826999917e+00 6.000000000000000000e+01 1.423207094331942812e+00 1.135448929487837544e-01
8.570314762055000202e+00 1.787581845789000035e+00 1.787581845789000035e+00 7.050000000000000000e+01 2.689402401646190377e+00 1.363138822799551120e-01
6.427736071541000129e+00 1.787581845789000035e+00 1.787581845789000035e+00 7.050000000000000000e+01 2.069707361113488631e+00 1.270723201775142419e-01
9.001947850239000459e+00 2.339371332468000109e+00 1.991635583934000087e+00 3.760000000000000142e+01 2.098876077951349117e+00 1.383649818290982603e-01
8.085926518647999828e+00 3.125266897539999977e+00 2.660711737396999954e+00 4.820000000000000284e+01 2.702644713106100216e+00 1.324338839693813552e-01
8.448498312723000225e+00 2.035408226684999988e+00 2.035408226684999988e+00 1.359999999999999964e+01 2.423281191338841012e+00 1.367738535202017436e-01
5.028525477344000016e+00 2.139826953896999839e+00 2.139826953896999839e+00 1.359999999999999964e+01 1.029876708315114797e+00 1.129836785894015733e-01
4.212738940676000077e+00 3.509591530054999797e+00 3.378443989071000075e+00 4.679999999999999716e+01 2.254591899925742382e+00 1.326908724714638832e-01
6.639499999999999957e+00 2.014170000000000016e+00 2.128179999999999961e+00 1.700000000000000000e+01 2.598203465360079178e+00 1.310425243799262784e-01
5.311600000000000321e+00 2.014170000000000016e+00 2.128179999999999961e+00 1.700000000000000000e+01 1.913676005970987859e+00 1.163574314924162578e-01
4.426400000000000112e+00 2.014170000000000016e+00 2.128179999999999961e+00 1.700000000000000000e+01 1.509674064125697157e+00 1.150218365992485836e-01
3.319799999999999862e+00 2.014170000000000016e+00 2.128179999999999961e+00 1.700000000000000000e+01 1.127368846664360547e+00 1.146549092540624509e-01
2.655800000000000161e+00 2.014170000000000016e+00 2.128179999999999961e+00 1.700000000000000000e+01 9.644073725404638253e-01 1.157895847286110058e-01
1.327900000000000080e+00 2.014170000000000016e+00 2.128179999999999961e+00 1.700000000000000000e+01 7.393012515421375497e-01 1.313541398670185489e-01
