1.094479467865999922e+00 1.075367592280457529e+00 1.911187558554239274e-02 1.337249864772726282e-01
8.403467188309999836e-01 8.555067550240842422e-01 1.516003619308425865e-02 1.219906189863295548e-01
7.728291800719999660e-01 7.741168898949872812e-01 1.287709822987315178e-03 1.225061668419938632e-01
8.119442710830000465e-01 8.215418480648537525e-01 9.597576981853706002e-03 1.206619929081929471e-01
8.445225632889999945e-01 8.285347464218304481e-01 1.598781686716954642e-02 1.153763825675101357e-01
8.025238940200000171e-01 7.941035806657126273e-01 8.420313354287389807e-03 1.152240376910250580e-01
7.388679446010000262e-01 7.482915650523089823e-01 9.423620451308956092e-03 1.250220617741351348e-01
1.168432142484000069e+00 1.094062397595045866e+00 7.436974488895420343e-02 1.385450263979812746e-01
8.824754083789999592e-01 1.211893501639139004e+00 3.294180932601390444e-01 1.219731146014702144e-01
8.374541760789999678e-01 1.423207094331942812e+00 5.857529182529428446e-01 1.135448929487837544e-01
8.342477966729999750e-01 1.441388631289903799e+00 6.071408346169038239e-01 1.129573133246687955e-01
8.709076349069999612e-01 1.168692056924513167e+00 2.977844220175132062e-01 1.118958747616670690e-01
8.746276837569999518e-01 9.402475171612962868e-01 6.561983340429633493e-02 1.090803980367981429e-01
8.284352767749999513e-01 8.592415787688167939e-01 3.080630199381684253e-02 1.081137871774503212e-01
7.179123442329999882e-01 8.121198529345079464e-01 9.420750870150795819e-02 1.145254084114436383e-01
1.956337114347999950e+00 1.896995158046223651e+00 5.934195630177629965e-02 1.390655781849143013e-01
1.461949250708999948e+00 1.563939125481404346e+00 1.019898747724043986e-01 1.324197875039284933e-01
1.242384181927999931e+00 1.468050192172206891e+00 2.256660102442069604e-01 1.187243068748080749e-01
1.109984140744000092e+00 1.219298042681479899e+00 1.093139019374798071e-01 1.168254908687749866e-01
1.006771387409999940e+00 9.809783686055553176e-01 2.579301880444462292e-02 1.130808030206963133e-01
9.122557745260000406e-01 9.115454205778910080e-01 7.103539481090326291e-04 1.094948787579520799e-01
7.707520197770000303e-01 8.709994010908062023e-01 1.002473813138061720e-01 1.177301515839493384e-01
1.216175989594000084e+00 1.185707285479010498e+00 3.046870411498958653e-02 1.371243479059854331e-01
9.699495164900000521e-01 1.003651696039723262e+00 3.370217954972321017e-02 1.203472621233964007e-01
8.993425004499999709e-01 9.106065610200957394e-01 1.126406057009576855e-02 1.186582720346863878e-01
8.875342789510000108e-01 8.599537113682629297e-01 2.758056758273708109e-02 1.181258663406720560e-01
8.971731702759999649e-01 8.771797723811793901e-01 1.999339789482057483e-02 1.185366667139937102e-01
8.530904884019999690e-01 9.150576185691541298e-01 6.196713016715416078e-02 1.132166887759792767e-01
9.465098999059999851e-01 9.332587143634576421e-01 1.325118554254234304e-02 1.148776430942222704e-01
9.711227051420000533e-01 9.440573886287921823e-01 2.706531651320787102e-02 1.244651435364855369e-01
1.502775264850999992e+00 1.676780737153968914e+00 1.740054723029689221e-01 1.204695768712326642e-01
1.276179000886999981e+00 1.441458800395494677e+00 1.652797995084946958e-01 1.111952109146299161e-01
1.113778791439000049e+00 1.284531431125984113e+00 1.707526396869840646e-01 1.099882578610514305e-01
8.613045482259999996e-01 1.059439469262265732e+00 1.981349210362657320e-01 1.096515719733731076e-01
5.542080645670000028e-01 7.749256057654037022e-01 2.207175411984036995e-01 1.101568258060485056e-01
3.341843162120000099e-01 5.093037315654953545e-01 1.751194153534953446e-01 1.070964477599841425e-01
2.492053367719999912e-01 3.720122564372729812e-01 1.228069196652729900e-01 1.077378626240006881e-01
1.828148283319999956e-01 2.706977697860679655e-01 8.788294145406796987e-02 1.134929960746097616e-01
6.544931051229999630e-01 1.001433635388096377e+00 3.469405302650964140e-01 1.214922845133519919e-01
6.074699635089999550e-01 8.826034682568106859e-01 2.751335047478107310e-01 1.148911650942401608e-01
5.703039574489999763e-01 9.975799844333224087e-01 4.272760269843224323e-01 1.115731388673243257e-01
4.795259259169999955e-01 1.029876708315114797e+00 5.503507823981148572e-01 1.129836785894015733e-01
3.645382976520000207e-01 7.322298580673987090e-01 3.676915604153986883e-01 1.121367714178530123e-01
2.482734030089999988e-01 3.962146227714526958e-01 1.479412197624526970e-01 1.093733257639908502e-01
1.835773345660000055e-01 2.702913075749506788e-01 8.671397300895067328e-02 1.081216769280767542e-01
1.351532144389999968e-01 2.117181804961134617e-01 7.656496605711346493e-02 1.153865783117615923e-01
1.324234883154999931e+00 1.398065647283743829e+00 7.383076412874389760e-02 1.139846953448201416e-01
8.659748637809999705e-01 9.878820551826237306e-01 1.219071914016237601e-01 1.120025827237991212e-01
8.721077139770000430e-01 8.086085046725415282e-01 6.349920930445851486e-02 1.088478478213803641e-01
6.966831019570000061e-01 7.335008582966864310e-01 3.681775633968642492e-02 1.080502845121365241e-01
2.463687139290000050e-01 6.718536712973559588e-01 4.254849573683559538e-01 1.148258936078893622e-01
2.537149732160000060e-01 2.521639884180206792e-01 1.550984797979326757e-03 1.259252611090205809e-01
2.961733808950000046e-01 3.157780460275123602e-01 1.960466513251235554e-02 1.129590244362690260e-01
3.507649544890000248e-01 3.752419242755378193e-01 2.447696978653779443e-02 1.111009231854454132e-01
4.401342407409999935e-01 4.681869455146063785e-01 2.805270477360638504e-02 1.104157848324647806e-01
5.616554405979999887e-01 5.790352783966428163e-01 1.737983779864282763e-02 1.092260625613974273e-01
6.912589679330000125e-01 6.772450553305615628e-01 1.401391260243844972e-02 1.102052711099791166e-01
7.609774230389999561e-01 7.283724715000925443e-01 3.260495153890741182e-02 1.130564596663992810e-01
8.014405537709999860e-01 7.672074861569422310e-01 3.423306761405775500e-02 1.169375117259687652e-01
3.731693723749999747e-01 3.532324769831607369e-01 1.993689539183923776e-02 1.248132461023589573e-01
4.454549646090000259e-01 4.548372730961069976e-01 9.382308487106971739e-03 1.127651820411571248e-01
5.030645520609999810e-01 5.292704270970993718e-01 2.620587503609939084e-02 1.102387106748631551e-01
5.967487234949999664e-01 6.250835885043120044e-01 2.833486500931203800e-02 1.089306713051018255e-01
7.040668507470000392e-01 7.193390109428250412e-01 1.527216019582500195e-02 1.083490032384665097e-01
7.952508570520000486e-01 7.906002713205975141e-01 4.650585731402534506e-03 1.101571137518979338e-01
8.246261733120000548e-01 8.241516392098269250e-01 4.745341021731297459e-04 1.128521850657451253e-01
9.058475857519999730e-01 8.482219712354037711e-01 5.762561451659620193e-02 1.160330005225706229e-01
1.868793860830000098e+00 1.875763310084533231e+00 6.969449254533133242e-03 1.241857396868810554e-01
1.575378459081999916e+00 1.591304206034160451e+00 1.592574695216053549e-02 1.198226997844799996e-01
1.323485990471999996e+00 1.336791262771894750e+00 1.330527229989475479e-02 1.216299092962042083e-01
1.173622313939000072e+00 1.159073843160125961e+00 1.454847077887411189e-02 1.194474919413940628e-01
1.007053901504000093e+00 9.692374776401191383e-01 3.781642386388095467e-02 1.155003634218158964e-01
9.033299135760000098e-01 8.361954082844320624e-01 6.713450529156794744e-02 1.148295898774314011e-01
6.267747857830000546e-01 7.190650654015620091e-01 9.229027961856195450e-02 1.239693224945962735e-01
1.117834102283999931e+00 1.250874344887844991e+00 1.330402426038450603e-01 1.269130656890251341e-01
6.433953111729999730e-01 5.782649070656642465e-01 6.513040410733572649e-02 1.262909415183599837e-01
4.842925863890000238e-01 4.464878119748032503e-01 3.780477441419677342e-02 1.243244131161625465e-01
4.456367264509999981e-01 4.731639439435273431e-01 2.752721749252734496e-02 1.183079532634854075e-01
4.186647007529999964e-01 5.075718288328641137e-01 8.890712807986411725e-02 1.159901519758006067e-01
6.222894918160000177e-01 5.437303547167555706e-01 7.855913709924444710e-02 1.275379623978521448e-01
9.502777447689999546e-01 9.575185047101939517e-01 7.240759941193997129e-03 1.186529740549309292e-01
9.530579132640000228e-01 9.520803656903638057e-01 9.775475736362171375e-04 1.104074824734845445e-01
9.244116496390000215e-01 9.461336091087773070e-01 2.172195946977728553e-02 1.096167318152420217e-01
9.412377197929999717e-01 9.057361351059824983e-01 3.550158468701747339e-02 1.096766504298046369e-01
8.101236783180000289e-01 8.297824914616995784e-01 1.965881314369954946e-02 1.095354516343203521e-01
7.644064432329999992e-01 7.431574172881525442e-01 2.124902594484745499e-02 1.073716901511597571e-01
6.980472634040000290e-01 6.889628126839042466e-01 9.084450720095782472e-03 1.075913391778586248e-01
6.155698860649999604e-01 6.428246554073453467e-01 2.725476934234538628e-02 1.129030002429450147e-01
1.107052050397000054e+00 1.107995843806421021e+00 9.437934094209676772e-04 1.267240200892031932e-01
1.144025517730000052e+00 1.113220098226356924e+00 3.080541950364312775e-02 1.129393290886317597e-01
1.093311432843999897e+00 1.106423345578562589e+00 1.311191273456269180e-02 1.114955296126886319e-01
1.063867831882999937e+00 1.083190868377016614e+00 1.932303649401667656e-02 1.109044780855946155e-01
1.026389202402999912e+00 1.041406815546871201e+00 1.501761314387128898e-02 1.093901283606212027e-01
9.870645292909999702e-01 9.940878734440090625e-01 7.023344153009092317e-03 1.101543414886594213e-01
9.786642274060000091e-01 9.659302852999402944e-01 1.273394210605971466e-02 1.130113237202610560e-01
9.588099408600000428e-01 9.429481490745530436e-01 1.586179178544699919e-02 1.169758183863677387e-01
1.537316688165000000e+00 1.576717045196774691e+00 3.940035703177469095e-02 1.327715565668892705e-01
8.581835187430000289e-01 8.653104693414954696e-01 7.126950598495440659e-03 1.209083047516959497e-01
6.895854320859999831e-01 6.788758160971126721e-01 1.070961598888731103e-02 1.184506966398250344e-01
6.884481444350000201e-01 6.802449958729663848e-01 8.203148562033635294e-03 1.192810433583323670e-01
7.346975481549999909e-01 7.280560400513067520e-01 6.641508103693238851e-03 1.182852819059631994e-01
7.655996158610000046e-01 7.200388587363333315e-01 4.556075712466667316e-02 1.144550588783829759e-01
6.872293321850000414e-01 7.023156130592695945e-01 1.508628087426955311e-02 1.144270367297866020e-01
6.582005520600000548e-01 6.858664066726820607e-01 2.766585461268200596e-02 1.234568828427606291e-01
1.168610381399000087e+00 1.196348096093729829e+00 2.773771469472974260e-02 1.354453829256750952e-01
8.601271817540000475e-01 8.529809933250227516e-01 7.146188428977295892e-03 1.195095974024908692e-01
7.655485311649999902e-01 7.631818669468799499e-01 2.366664218120040353e-03 1.179007474490236240e-01
7.774140351770000290e-01 7.736209871465860033e-01 3.793048030414025718e-03 1.178911485959738825e-01
8.062471330589999763e-01 8.117907120336980142e-01 5.543578974698037953e-03 1.172115681742944560e-01
8.130944781090000406e-01 7.899984335547856062e-01 2.309604455421443436e-02 1.130174162810932831e-01
7.289200070800000431e-01 7.525630863574193086e-01 2.364307927741926552e-02 1.146931555659157081e-01
7.199585053179999861e-01 7.130859270380440762e-01 6.872578279955909863e-03 1.231572855599424865e-01
7.039637036350000487e-01 7.150456696926390521e-01 1.108196605763900333e-02 1.358274269858341654e-01
6.765792641690000497e-01 7.379628265501807505e-01 6.138356238118070074e-02 1.167068495241768561e-01
7.127583656139999668e-01 7.903901315766184155e-01 7.763176596261844864e-02 1.142046199662665462e-01
7.715932700740000261e-01 8.375155326695704616e-01 6.592226259557043555e-02 1.140165004321656433e-01
8.079335986440000505e-01 8.045486760092703804e-01 3.384922634729670143e-03 1.132510530092464135e-01
7.432270407859999928e-01 7.196018425217634018e-01 2.362519826423659097e-02 1.113431348798198245e-01
6.209666598540000138e-01 6.667118624475278921e-01 4.574520259352787832e-02 1.105583812921463321e-01
7.068281004549999968e-01 6.259180052252428794e-01 8.091009522975711743e-02 1.156497587569967483e-01
1.360025015133000004e+00 1.398065647283743829e+00 3.804063215074382498e-02 1.139846953448201416e-01
1.047550238444000081e+00 9.878820551826237306e-01 5.966818326137635076e-02 1.120025827237991212e-01
8.721077139770000430e-01 8.086085046725415282e-01 6.349920930445851486e-02 1.088478478213803641e-01
9.020212793759999625e-01 7.335008582966864310e-01 1.685204210793135315e-01 1.080502845121365241e-01
9.301675934069999485e-01 6.718536712973559588e-01 2.583139221096439897e-01 1.148258936078893622e-01
1.591523720262999930e+00 1.797194853285475347e+00 2.056711330224754164e-01 1.118426889146685310e-01
1.265389829612999950e+00 1.320816724966157096e+00 5.542689535315714622e-02 1.098846528458457678e-01
9.998554847439999893e-01 9.849904366741952799e-01 1.486504806980470939e-02 1.099405759903817614e-01
8.971784291840000369e-01 8.577911206451247494e-01 3.938730853887528749e-02 1.099833593901661799e-01
8.491698209100000394e-01 7.710104082643240986e-01 7.815941264567594082e-02 1.072598818682019561e-01
8.616644625570000215e-01 6.990780487249779185e-01 1.625864138320221031e-01 1.077070500136211306e-01
8.495619825589999508e-01 6.268529245156884144e-01 2.227090580433115363e-01 1.132938484926598599e-01
1.476824612798000036e+00 1.586171696898643901e+00 1.093470841006438654e-01 1.288202638243789167e-01
1.270237724665999934e+00 1.393739687734516508e+00 1.235019630685165737e-01 1.195475507390635350e-01
1.100163538074000025e+00 1.136140803432265756e+00 3.597726535826573091e-02 1.177416934070779353e-01
9.327840335210000333e-01 8.784004169445367438e-01 5.438361657646328950e-02 1.140377515114725931e-01
7.690555622110000211e-01 7.920137045292605649e-01 2.295814231826054375e-02 1.111717414658601466e-01
6.600337809349999807e-01 7.484371289552633755e-01 8.840334802026339478e-02 1.192654548444755935e-01
1.789655299564000046e+00 1.523770331105467335e+00 2.658849684585327111e-01 1.125611531319801600e-01
1.391565383672999978e+00 1.182781055493904887e+00 2.087843281790950911e-01 1.113165923999776402e-01
1.072705617890999941e+00 9.797571774912086084e-01 9.294844039979133221e-02 1.084387071712794165e-01
8.421200128039999511e-01 8.716961678716614870e-01 2.957615506766153590e-02 1.079862466714267139e-01
6.970692806510000450e-01 7.840359326974706278e-01 8.696665204647058278e-02 1.137554462584604575e-01
4.351785356369999858e-01 4.201459705650698595e-01 1.503256507193012625e-02 1.370621341490425027e-01
3.037414585409999868e-01 3.323073353164360810e-01 2.856587677543609427e-02 1.281533412384235071e-01
2.642519584329999782e-01 2.556286476167244359e-01 8.623310816275542301e-03 1.266593278057963901e-01
2.968632080759999736e-01 2.265577518697448056e-01 7.030545620625516801e-02 1.248585690702307821e-01
2.465852330320000008e-01 3.009259788256812840e-01 5.434074579368128322e-02 1.185748797580002400e-01
2.124589803199999904e-01 3.918401866819998247e-01 1.793812063619998343e-01 1.160585880377985324e-01
6.599624557550000103e-01 4.819775311805436502e-01 1.779849245744563602e-01 1.278887461014366067e-01
1.949677331581999962e+00 1.881654369785071168e+00 6.802296179692879363e-02 1.311704514975549629e-01
1.069588787937000074e+00 1.111755126938748006e+00 4.216633900174793226e-02 1.232448267314533025e-01
6.383151963790000272e-01 6.044006285399188272e-01 3.391456783908119998e-02 1.222139177833963669e-01
4.701232424860000148e-01 5.304704726162787765e-01 6.034723013027876171e-02 1.199853474525892916e-01
5.391321980359999877e-01 5.461771761010858484e-01 7.044978065085860663e-03 1.156219269924660953e-01
5.150683789479999497e-01 5.534406361882542313e-01 3.837225724025428164e-02 1.149026537422511152e-01
6.236608899629999536e-01 5.594715461107337973e-01 6.418934385226615635e-02 1.225793642183268528e-01
1.363168607805999910e+00 1.442790778275934827e+00 7.962217046993491643e-02 1.323400169053632336e-01
9.972431456189999599e-01 9.483207534774287240e-01 4.892239214157123595e-02 1.261346994507656916e-01
7.944269794739999835e-01 7.725268189862877222e-01 2.190016048771226131e-02 1.205684973521737452e-01
6.575223356880000036e-01 6.965090937775944013e-01 3.898675808959439770e-02 1.163529687869241797e-01
6.415434109069999558e-01 6.323518481782102185e-01 9.191562728789737236e-03 1.300134211184638677e-01
2.275299890999999963e-01 1.688895963605219208e-01 5.864039273947807551e-02 1.266440904601464079e-01
2.405155838549999925e-01 1.978045045110761180e-01 4.271107934392387451e-02 1.129286712935182457e-01
2.499735979140000064e-01 2.458568434007091241e-01 4.116754513290882267e-03 1.109662819959811308e-01
2.659426123640000195e-01 3.384948488473185080e-01 7.255223648331848851e-02 1.100439722462784320e-01
2.938455954029999817e-01 4.653728175419828972e-01 1.715272221389829155e-01 1.088626947188951755e-01
3.241884961359999817e-01 5.887551410985665257e-01 2.645666449625665440e-01 1.102241065775849821e-01
8.778858230260000450e-01 6.567188124200811217e-01 2.211670106059189234e-01 1.131397470727756593e-01
9.040105607549999700e-01 7.100702909625269399e-01 1.939402697924730301e-01 1.168232868055995161e-01
5.571690944320000227e-01 5.286940194680589400e-01 2.847507496394108273e-02 1.229412620693544345e-01
5.795428147779999595e-01 5.698317623679507449e-01 9.711052410049214600e-03 1.125423306793885692e-01
5.944427147259999655e-01 6.042090247292613014e-01 9.766310003261335915e-03 1.093792043417901871e-01
6.123547463509999567e-01 6.544258682020682727e-01 4.207112185106831603e-02 1.076151656506237342e-01
6.279907284029999648e-01 7.117849683388470794e-01 8.379423993584711461e-02 1.077246467456262763e-01
5.998499289469999551e-01 7.619779951288734310e-01 1.621280661818734758e-01 1.100630389383315533e-01
9.269272340319999470e-01 7.882529422760597981e-01 1.386742917559401489e-01 1.124868922159454748e-01
9.324509877869999741e-01 8.083905187297730777e-01 1.240604690572268964e-01 1.150385801007745706e-01
7.236556583890000338e-01 8.405821652093958818e-01 1.169265068203958480e-01 1.341699889322850447e-01
7.811201501079999554e-01 7.889648340602519738e-01 7.844683952252018422e-03 1.225420737928644005e-01
8.157283373020000061e-01 8.092181507719216071e-01 6.510186530078398981e-03 1.192462520021269762e-01
8.678524976260000301e-01 8.642281046074762330e-01 3.624393018523797139e-03 1.205104607604126771e-01
8.628275608769999661e-01 8.672834424425843736e-01 4.455881565584407511e-03 1.186469778560452770e-01
7.661591855439999765e-01 7.623086932710307906e-01 3.850492272969185947e-03 1.150814376099596886e-01
6.229917398490000258e-01 6.635260212116520506e-01 4.053428136265202486e-02 1.145566998961528582e-01
5.990326364779999802e-01 5.704856212739830568e-01 2.854701520401692338e-02 1.233558914447520638e-01
2.437232248810000113e-01 2.477997254827801754e-01 4.076500601780164157e-03 1.387985174821411705e-01
3.005084074220000234e-01 3.164527937733261354e-01 1.594438635132611193e-02 1.251559802070015270e-01
3.481996602910000238e-01 3.464133398356441518e-01 1.786320455355872028e-03 1.210252575942363934e-01
4.079909993920000089e-01 4.135134979412278255e-01 5.522498549227816689e-03 1.222236083913582766e-01
5.232289954719999692e-01 5.109060530785987098e-01 1.232294239340125941e-02 1.216901715693347180e-01
5.730826425899999688e-01 5.556967386886446647e-01 1.738590390135530406e-02 1.159736581885372625e-01
5.539151490360000318e-01 5.493147117520562617e-01 4.600437283943770161e-03 1.153607031749771944e-01
5.038879536439999640e-01 5.289067262957329874e-01 2.501877265173302334e-02 1.268436117979654665e-01
9.502777447689999546e-01 9.575185047101939517e-01 7.240759941193997129e-03 1.186529740549309292e-01
9.530579132640000228e-01 9.520803656903638057e-01 9.775475736362171375e-04 1.104074824734845445e-01
9.244116496390000215e-01 9.461336091087773070e-01 2.172195946977728553e-02 1.096167318152420217e-01
9.412377197929999717e-01 9.057361351059824983e-01 3.550158468701747339e-02 1.096766504298046369e-01
8.101236783180000289e-01 8.297824914616995784e-01 1.965881314369954946e-02 1.095354516343203521e-01
7.644064432329999992e-01 7.431574172881525442e-01 2.124902594484745499e-02 1.073716901511597571e-01
6.980472634040000290e-01 6.889628126839042466e-01 9.084450720095782472e-03 1.075913391778586248e-01
6.155698860649999604e-01 6.428246554073453467e-01 2.725476934234538628e-02 1.129030002429450147e-01
1.015480980528000066e+00 8.881705208421450948e-01 1.273104596858549709e-01 1.191219686738206884e-01
9.837423777570000194e-01 9.534084081308016323e-01 3.033396962619838710e-02 1.130207738500962761e-01
9.779856150260000103e-01 9.760854769876203818e-01 1.900138038379628469e-03 1.126489592775447302e-01
9.829199624419999726e-01 9.484802247492165606e-01 3.443973769278341202e-02 1.127980016481519993e-01
9.231212184660000375e-01 8.525459900212055686e-01 7.057522844479446888e-02 1.129129176951459701e-01
7.544709374420000003e-01 7.420359971292018741e-01 1.243494031279812617e-02 1.100940285620296971e-01
6.030218423059999777e-01 6.822539561262992436e-01 7.923211382029926586e-02 1.112565134380622545e-01
5.937723760290000152e-01 6.374720941613762903e-01 4.369971813237627511e-02 1.182096139214636188e-01
1.069338173268000070e+00 1.141796122711657091e+00 7.245794944365702150e-02 1.314752131837239602e-01
1.026396777640000035e+00 1.001572298192915156e+00 2.482447944708487952e-02 1.155229413249239112e-01
9.994070786040000209e-01 9.701942544404786872e-01 2.921282416352133371e-02 1.149848455038464945e-01
9.485054526630000149e-01 9.391145750530469627e-01 9.390877609953052207e-03 1.151166443041686388e-01
8.871017705979999945e-01 8.587677352464027081e-01 2.833403535159728648e-02 1.136382063233673939e-01
7.379555568350000261e-01 7.383151821950590943e-01 3.596253600590681998e-04 1.115561445671583024e-01
6.055911776689999471e-01 6.602147167871805777e-01 5.462353911818063068e-02 1.141121323567119428e-01
6.087898209100000013e-01 5.953946043856319648e-01 1.339521652436803656e-02 1.207919607424447900e-01
1.403442635957000029e+00 1.438067907637010201e+00 3.462527168001017230e-02 1.315041071159519515e-01
1.429995306664000099e+00 1.354719094149062997e+00 7.527621251493710197e-02 1.140039038102841629e-01
1.309516824002999957e+00 1.280344291699616832e+00 2.917253230338312520e-02 1.135384997678186153e-01
1.176102501289999935e+00 1.182216170698477953e+00 6.113669408478017431e-03 1.133850592274340124e-01
1.085809949194000090e+00 1.093741096351568132e+00 7.931147157568041450e-03 1.109840187842289633e-01
1.023001793738999909e+00 1.038190876433731091e+00 1.518908269473118189e-02 1.106119740684573943e-01
1.003619634951999906e+00 1.016727275440839406e+00 1.310764048883950039e-02 1.136734761669566524e-01
9.913312548499999544e-01 1.003511256956672426e+00 1.218000210667247174e-02 1.187192570706463862e-01
1.044829634807000085e+00 1.062237007469612138e+00 1.740737266261205285e-02 1.261895861507584538e-01
1.078531709818000062e+00 1.054039315295652202e+00 2.449239452234786008e-02 1.128998371863166456e-01
1.050411393135000093e+00 1.044193916939789801e+00 6.217476195210291934e-03 1.108564542752493581e-01
1.025932256826999955e+00 1.026324599776760493e+00 3.923429497605379623e-04 1.099087447561649528e-01
1.004951616472999909e+00 1.001573412320084344e+00 3.378204152915564862e-03 1.088208179161644362e-01
9.646699376209999510e-01 9.763742609556320673e-01 1.170432333463211627e-02 1.102101902037349590e-01
9.657956380429999488e-01 9.618906552668633481e-01 3.904982776136600719e-03 1.130929684586107070e-01
9.470451252220000171e-01 9.501889020005727104e-01 3.143776778572693331e-03 1.167325362145518464e-01
1.216619275548999957e+00 1.229467400254442566e+00 1.284812470544260954e-02 1.261763339722882793e-01
1.128372048584999954e+00 1.219274844847205941e+00 9.090279626220598708e-02 1.128423804406698538e-01
1.341190455240999890e+00 1.202093061465291157e+00 1.390973937757087331e-01 1.112816563055464697e-01
1.194340460385999947e+00 1.161896242198174889e+00 3.244421818782505795e-02 1.106739422087627545e-01
1.075010711033000055e+00 1.095737558895024222e+00 2.072684786202416696e-02 1.093275114263987102e-01
8.973024313840000099e-01 1.022447041376793209e+00 1.251446099927931987e-01 1.101048145904034853e-01
1.000706492471999942e+00 9.791194441048247654e-01 2.158704836717517672e-02 1.128612206810874624e-01
1.002126188424000031e+00 9.438601456543196377e-01 5.826604276968039287e-02 1.167076658140318440e-01
3.392922661710000010e-01 3.626958993280848809e-01 2.340363315708487990e-02 1.391970132067379129e-01
3.554479363940000192e-01 3.418025610036070638e-01 1.364537539039295533e-02 1.277464254908466934e-01
3.526286292809999723e-01 3.469471616281842863e-01 5.681467652815685998e-03 1.223429980809448564e-01
3.287751950339999896e-01 3.382635451349207401e-01 9.488350100920750485e-03 1.247631639271273990e-01
2.694544913560000254e-01 2.646473725135738420e-01 4.807118842426183480e-03 1.231838786698099403e-01
1.920164107600000059e-01 1.798313880468853654e-01 1.218502271311464047e-02 1.176619127934252912e-01
1.470838887079999879e-01 1.439314287682735838e-01 3.152459939726404148e-03 1.156790935891218453e-01
1.085737347329999991e-01 1.235511747548354577e-01 1.497744002183545864e-02 1.279862119318949942e-01
1.785927261521000009e+00 1.468050192172206891e+00 3.178770693487931176e-01 1.187243068748080749e-01
1.264148604735999992e+00 1.219298042681479899e+00 4.485056205452009337e-02 1.168254908687749866e-01
9.762631635490000015e-01 9.809783686055553176e-01 4.715205056555316077e-03 1.130808030206963133e-01
9.464653660709999583e-01 9.115454205778910080e-01 3.491994549310895035e-02 1.094948787579520799e-01
9.420302463940000148e-01 8.709994010908062023e-01 7.103084530319381251e-02 1.177301515839493384e-01
1.877057542513999921e+00 1.441388631289903799e+00 4.356689112240961226e-01 1.129573133246687955e-01
1.429181759847000022e+00 1.168692056924513167e+00 2.604897029224868543e-01 1.118958747616670690e-01
1.080422432875999927e+00 9.402475171612962868e-01 1.401749157147036406e-01 1.090803980367981429e-01
8.121914478189999897e-01 8.592415787688167939e-01 4.705013094981680410e-02 1.081137871774503212e-01
9.546706705230000312e-01 8.121198529345079464e-01 1.425508175884920847e-01 1.145254084114436383e-01
1.645439578898999944e+00 1.610935698441082309e+00 3.450388045791763503e-02 1.215675625997212489e-01
1.061768087699000107e+00 1.050214811202430099e+00 1.155327649657000855e-02 1.183434871516283321e-01
9.101840921249999550e-01 8.969447808963408875e-01 1.323931122865906751e-02 1.131476906355187717e-01
8.907474035929999756e-01 9.049502569804666052e-01 1.420285338746662962e-02 1.093778801225634700e-01
9.184099109019999707e-01 9.076454305907191156e-01 1.076448031128085514e-02 1.176830768681717265e-01
1.302700989097000051e+00 1.384676697818735036e+00 8.197570872173498557e-02 1.230732050016957596e-01
1.031534543917999924e+00 1.090305035904428621e+00 5.877049198642869676e-02 1.166688343949986995e-01
9.685658771549999768e-01 9.796735884250189486e-01 1.110771127001897174e-02 1.156348327288314742e-01
9.601168707239999822e-01 8.834580239769955767e-01 7.665884674700440549e-02 1.252264456203866227e-01
1.558837495799000106e+00 1.610935698441082309e+00 5.209820264208220308e-02 1.215675625997212489e-01
1.038173241306000083e+00 1.050214811202430099e+00 1.204156989643001552e-02 1.183434871516283321e-01
9.101840921249999550e-01 8.969447808963408875e-01 1.323931122865906751e-02 1.131476906355187717e-01
9.012267848120000258e-01 9.049502569804666052e-01 3.723472168466579468e-03 1.093778801225634700e-01
8.990749654099999821e-01 9.076454305907191156e-01 8.570465180719133436e-03 1.176830768681717265e-01
1.734491448338999930e+00 1.489845941122835526e+00 2.446455072161644040e-01 1.198244990502782131e-01
1.150528932023999973e+00 1.224712398240946243e+00 7.418346621694626997e-02 1.168415802140870680e-01
9.442100308280000354e-01 9.455116656278121923e-01 1.301634799812156906e-03 1.137400884823323438e-01
9.236258431020000215e-01 8.498626777616600236e-01 7.376316534033999783e-02 1.109030770542413086e-01
8.389391705869999605e-01 8.006689496538612616e-01 3.827022093313869888e-02 1.185446415373361539e-01
1.455529919893999935e+00 1.482014706068220278e+00 2.648478617422034276e-02 1.308621234851325144e-01
1.133469298622999943e+00 1.121300683969543854e+00 1.216861465345608906e-02 1.257298662649794507e-01
9.780971616179999772e-01 1.001790430693173306e+00 2.369326907517332881e-02 1.191677737445328983e-01
9.711992263399999992e-01 9.386852332602728666e-01 3.251399307972713260e-02 1.162287152473218121e-01
8.628469250460000239e-01 8.732929274413621101e-01 1.044600239536208619e-02 1.282592195938198620e-01
1.541375821026000015e+00 1.655675955150590184e+00 1.143001341245901692e-01 1.249821999923954874e-01
9.723024124589999539e-01 9.410340111973356514e-01 3.126840126166430256e-02 1.246352570553208583e-01
7.677750235400000456e-01 7.579905471507499826e-01 9.784476389250063022e-03 1.232944990551392145e-01
7.995997109950000459e-01 7.997471131307865022e-01 1.474021357864563342e-04 1.172631740796532540e-01
8.213371387590000516e-01 8.101521579716868260e-01 1.118498078731322565e-02 1.155987458677998903e-01
7.870064714979999598e-01 7.988255169592353155e-01 1.181904546123535571e-02 1.278126920593010696e-01
1.794947612407999937e+00 2.107185457351164359e+00 3.122378449431644221e-01 1.137788733239054467e-01
1.357669537600999954e+00 1.523770331105467335e+00 1.661007935044673811e-01 1.125611531319801600e-01
8.991653248350000016e-01 1.182781055493904887e+00 2.836157306589048854e-01 1.113165923999776402e-01
8.856058008170000218e-01 9.797571774912086084e-01 9.415137667420858669e-02 1.084387071712794165e-01
9.048310775879999657e-01 8.716961678716614870e-01 3.313490971633847870e-02 1.079862466714267139e-01
8.952556447580000132e-01 7.840359326974706278e-01 1.112197120605293854e-01 1.137554462584604575e-01
1.842816939251999964e+00 1.797194853285475347e+00 4.562208596652461701e-02 1.118426889146685310e-01
1.344476693964000047e+00 1.320816724966157096e+00 2.365996899784295060e-02 1.098846528458457678e-01
1.018371327054000020e+00 9.849904366741952799e-01 3.338089037980473961e-02 1.099405759903817614e-01
8.224135600859999728e-01 8.577911206451247494e-01 3.537756055912477660e-02 1.099833593901661799e-01
8.581084506039999837e-01 7.710104082643240986e-01 8.709804233967588516e-02 1.072598818682019561e-01
5.938498323030000359e-01 6.990780487249779185e-01 1.052282164219778826e-01 1.077070500136211306e-01
1.978680685870000122e-01 6.268529245156884144e-01 4.289848559286884022e-01 1.132938484926598599e-01
1.937181001534999947e+00 2.017898016249962012e+00 8.071701471496206537e-02 1.318588407210207480e-01
9.421373317390000501e-01 8.663602631053031189e-01 7.577706863369693124e-02 1.275889394328348914e-01
5.939642165420000453e-01 5.738417313999910618e-01 2.012248514200898342e-02 1.163031470892727931e-01
4.265330299489999977e-01 4.482809055938155041e-01 2.174787564481550639e-02 1.152815097522569554e-01
3.129678076569999967e-01 3.567721362285602993e-01 4.380432857156030257e-02 1.260434877635888962e-01
1.381707666370000087e+00 1.001433635388096377e+00 3.802740309819037101e-01 1.214922845133519919e-01
1.214939927018999999e+00 8.826034682568106859e-01 3.323364587621893129e-01 1.148911650942401608e-01
1.096738379710000100e+00 9.975799844333224087e-01 9.915839527667769104e-02 1.115731388673243257e-01
7.571180028159999464e-01 7.322298580673987090e-01 2.488814474860123749e-02 1.121367714178530123e-01
5.590749223319999572e-01 3.962146227714526958e-01 1.628602995605472614e-01 1.093733257639908502e-01
4.121491138799999732e-01 2.702913075749791005e-01 1.418578063050208726e-01 1.081216769280767542e-01
3.085921517399999869e-01 2.117181804961134617e-01 9.687397124388652525e-02 1.153865783117615923e-01
1.861214642228999905e+00 1.921061657795471334e+00 5.984701556647142873e-02 1.190164859197955921e-01
1.432779814882999991e+00 1.470935036542865504e+00 3.815522165986551251e-02 1.206023598562531579e-01
1.098338707808000025e+00 1.019243862487488883e+00 7.909484532051114236e-02 1.186899822905248814e-01
6.725504138760000084e-01 6.816550369170464307e-01 9.104623041046422394e-03 1.134725174215326232e-01
5.067072176879999779e-01 5.246979766564869863e-01 1.799075896848700840e-02 1.149677643875129246e-01
4.054799198280000239e-01 4.131431044157469756e-01 7.663184587746951770e-03 1.245253009285880591e-01
1.912623064354999958e+00 1.676780737153968914e+00 2.358423272010310434e-01 1.204695768712326642e-01
1.519260715341999912e+00 1.441458800395494677e+00 7.780191494650523509e-02 1.111952109146299161e-01
1.373660509440999933e+00 1.284531431125984113e+00 8.912907831501581946e-02 1.099882578610514305e-01
1.489824083418000100e+00 1.059439469262265732e+00 4.303846141557343685e-01 1.096515719733731076e-01
8.979573704369999687e-01 7.749256057654037022e-01 1.230317646715962665e-01 1.101568258060485056e-01
6.259721146960000038e-01 5.093037315654953545e-01 1.166683831305046493e-01 1.070964477599841425e-01
4.943028932679999765e-01 3.720122564372729812e-01 1.222906368307269953e-01 1.077378626240006881e-01
3.989391380969999901e-01 2.706977697860679655e-01 1.282413683109320246e-01 1.134929960746097616e-01
1.709110079146999972e+00 1.718135924164338135e+00 9.025845017338163245e-03 1.380365299578152072e-01
1.143343600851999931e+00 1.104484158625343326e+00 3.885944222665660419e-02 1.279147231641437621e-01
6.390487862520000117e-01 7.119702284965576666e-01 7.292144224455765489e-02 1.232464889579213546e-01
6.283763179429999735e-01 5.768757508290001113e-01 5.150056711399986220e-02 1.189510763785726760e-01
4.932819150639999872e-01 5.017249667542102998e-01 8.443051690210312543e-03 1.331631599054715898e-01
1.336822549827000106e+00 1.444046564447845071e+00 1.072240146208449652e-01 1.120594477771070935e-01
9.336895532410000031e-01 1.145280001047780161e+00 2.115904478067801575e-01 1.133998503539035974e-01
7.582846692700000446e-01 7.133377187789591289e-01 4.494695049104091567e-02 1.275955060443414169e-01
1.770208160006000009e+00 1.689227478212824707e+00 8.098068179317530202e-02 1.332224268522604615e-01
1.210740649856000051e+00 1.280499974091387827e+00 6.975932423538777627e-02 1.208813410681228023e-01
8.590432748780000294e-01 8.744913799126230458e-01 1.544810503462301643e-02 1.224982934950692576e-01
7.075202097080000030e-01 6.864385535800181515e-01 2.108165612798185151e-02 1.348958232786164058e-01
2.071506461703000124e+00 1.711346716167852833e+00 3.601597455351472910e-01 1.135678807121967837e-01
2.303103365132999958e+00 2.238136425958886733e+00 6.496693917411322516e-02 1.337564060662379539e-01
2.573331474724999790e+00 2.482980326821330408e+00 9.035114790366938209e-02 1.367075063900866083e-01
2.390072573768999842e+00 2.261305383803566826e+00 1.287671899654330154e-01 1.353033052341190423e-01
2.134903010412999791e+00 2.031215071661769400e+00 1.036879387512303907e-01 1.205624242326957113e-01
2.295982384884999838e+00 2.210568108093120543e+00 8.541427679187929556e-02 1.362746775347761230e-01
2.022539694075999872e+00 2.031215071661769400e+00 8.675377585769528110e-03 1.205624242326957113e-01
2.820057800658999803e+00 2.702519879146281667e+00 1.175379215127181354e-01 1.329101329167007572e-01
2.062612407649000001e+00 2.000960037239314815e+00 6.165237040968518656e-02 1.380750105021206764e-01
2.284478779429000017e+00 2.107185457351164359e+00 1.772933220778356578e-01 1.137788733239054467e-01
2.316454057302999914e+00 2.262398232697870881e+00 5.405582460512903253e-02 1.393075673406796167e-01
2.428617110628000120e+00 1.423207094331942812e+00 1.005410016296057307e+00 1.135448929487837544e-01
2.645636896934000060e+00 2.689402401646190377e+00 4.376550471219031735e-02 1.363138822799551120e-01
2.218369732967000019e+00 2.069707361113488631e+00 1.486623718535113881e-01 1.270723201775142419e-01
2.133228043168000188e+00 2.098876077951349117e+00 3.435196521665107028e-02 1.383649818290982603e-01
2.836799418263999950e+00 2.702644713106100216e+00 1.341547051578997340e-01 1.324338839693813552e-01
2.436916901565000071e+00 2.423281191338841012e+00 1.363571022615905903e-02 1.367738535202017436e-01
2.085937777738999799e+00 1.029876708315114797e+00 1.056061069423885002e+00 1.129836785894015733e-01
2.174509441555999789e+00 2.254591899925742382e+00 8.008245836974259291e-02 1.326908724714638832e-01
2.783933518004999996e+00 2.598203465360079178e+00 1.857300526449208178e-01 1.310425243799262784e-01
1.808318264014000087e+00 1.913676005970987859e+00 1.053577419569877716e-01 1.163574314924162578e-01
1.431111111110999978e+00 1.509674064125697157e+00 7.856295301469717884e-02 1.150218365992485836e-01
1.111888111887999964e+00 1.127368846664360547e+00 1.548073477636058293e-02 1.146549092540624509e-01
9.914163090130000411e-01 9.644073725404638253e-01 2.700893647253621577e-02 1.157895847286110058e-01
7.824858757060000336e-01 7.393012515421375497e-01 4.318462416386248393e-02 1.313541398670185489e-01
